<?xml version="1.0" encoding="UTF-8"?>
<!-- Generated by org.testng.reporters.JUnitXMLReporter -->
<testsuite ignored="0" hostname="DESKTOP-POJBL9N" failures="0" tests="4" name="Test" time="0.846" errors="0" timestamp="2022-04-05T10:16:15 KST">
  <testcase classname="test.java.DeleteAccount" name="@BeforeTest createAndStartService" time="0.817">
    <failure type="org.openqa.selenium.SessionNotCreatedException" message="Could not start a new session. Response code 500. Message: Error forwarding the new session Empty pool of VM for setup Capabilities {browserName: chrome, goog:chromeOptions: {args: [], extensions: []}}
Build info: version: &amp;apos;4.1.2&amp;apos;, revision: &amp;apos;9a5a329c5a&amp;apos;
System info: host: &amp;apos;DESKTOP-POJBL9N&amp;apos;, ip: &amp;apos;172.17.160.181&amp;apos;, os.name: &amp;apos;Windows 10&amp;apos;, os.arch: &amp;apos;amd64&amp;apos;, os.version: &amp;apos;10.0&amp;apos;, java.version: &amp;apos;17.0.2&amp;apos;
Driver info: org.openqa.selenium.remote.RemoteWebDriver
Command: [null, newSession {capabilities=[Capabilities {browserName: chrome, goog:chromeOptions: {args: [], extensions: []}}], desiredCapabilities=Capabilities {browserName: chrome, goog:chromeOptions: {args: [], extensions: []}}}]
Capabilities {}">
      <![CDATA[org.openqa.selenium.SessionNotCreatedException: Could not start a new session. Response code 500. Message: Error forwarding the new session Empty pool of VM for setup Capabilities {browserName: chrome, goog:chromeOptions: {args: [], extensions: []}}
Build info: version: '4.1.2', revision: '9a5a329c5a'
System info: host: 'DESKTOP-POJBL9N', ip: '172.17.160.181', os.name: 'Windows 10', os.arch: 'amd64', os.version: '10.0', java.version: '17.0.2'
Driver info: org.openqa.selenium.remote.RemoteWebDriver
Command: [null, newSession {capabilities=[Capabilities {browserName: chrome, goog:chromeOptions: {args: [], extensions: []}}], desiredCapabilities=Capabilities {browserName: chrome, goog:chromeOptions: {args: [], extensions: []}}}]
Capabilities {}
at org.openqa.selenium.remote.ProtocolHandshake.createSession(ProtocolHandshake.java:126)
at org.openqa.selenium.remote.ProtocolHandshake.createSession(ProtocolHandshake.java:84)
at org.openqa.selenium.remote.ProtocolHandshake.createSession(ProtocolHandshake.java:62)
at org.openqa.selenium.remote.HttpCommandExecutor.execute(HttpCommandExecutor.java:156)
at org.openqa.selenium.remote.TracedCommandExecutor.execute(TracedCommandExecutor.java:51)
at org.openqa.selenium.remote.RemoteWebDriver.execute(RemoteWebDriver.java:558)
at org.openqa.selenium.remote.RemoteWebDriver.startSession(RemoteWebDriver.java:245)
at org.openqa.selenium.remote.RemoteWebDriver.<init>(RemoteWebDriver.java:161)
at org.openqa.selenium.remote.RemoteWebDriver.<init>(RemoteWebDriver.java:143)
at test.java.DeleteAccount.createAndStartService(DeleteAccount.java:35)
... Removed 28 stack frames]]>
    </failure>
  </testcase> <!-- @BeforeTest createAndStartService -->
  <testcase classname="main.java.SetUp" name="@AfterClass quit" time="-1.649121375371E9">
    <skipped/>
  </testcase> <!-- @AfterClass quit -->
  <testcase classname="test.java.DeleteAccount" name="scenario_01_facebookLogin" time="0.0">
    <skipped/>
  </testcase> <!-- scenario_01_facebookLogin -->
  <testcase classname="test.java.DeleteAccount" name="scenario_02_deleteAccount" time="0.0">
    <skipped/>
  </testcase> <!-- scenario_02_deleteAccount -->
  <testcase classname="test.java.JoinAccount" name="scenario_01_facebookLogin" time="0.0">
    <skipped/>
  </testcase> <!-- scenario_01_facebookLogin -->
  <testcase classname="test.java.JoinAccount" name="scenario_02_joinAccount" time="0.0">
    <skipped/>
  </testcase> <!-- scenario_02_joinAccount -->
</testsuite> <!-- Test -->
