<!DOCTYPE html PUBLIC "-//W3C//DTD XHTML 1.1//EN" "https://www.w3.org/TR/xhtml11/DTD/xhtml11.dtd">
<html xmlns="https://www.w3.org/1999/xhtml">
<head>
<meta http-equiv="content-type" content="text/html; charset=UTF-8"/>
<title>TestNG Report</title>
<style type="text/css">table {margin-bottom:10px;border-collapse:collapse;empty-cells:show}th,td {border:1px solid #009;padding:.25em .5em}th {vertical-align:bottom}td {vertical-align:top}table a {font-weight:bold}.stripe td {background-color: #E6EBF9}.num {text-align:right}.passedodd td {background-color: #3F3}.passedeven td {background-color: #0A0}.skippedodd td {background-color: #DDD}.skippedeven td {background-color: #CCC}.failedodd td,.attn {background-color: #F33}.failedeven td,.stripe .attn {background-color: #D00}.stacktrace {white-space:pre;font-family:monospace}.totop {font-size:85%;text-align:center;border-bottom:2px solid #000}.invisible {display:none}</style>
</head>
<body>
<table>
<tr><th>Test</th><th># Passed</th><th># Skipped</th><th># Retried</th><th># Failed</th><th>Time (ms)</th><th>Included Groups</th><th>Excluded Groups</th></tr>
<tr><th colspan="8">Suite</th></tr>
<tr><td><a href="#t0">Test</a></td><td class="num">73</td><td class="num">0</td><td class="num">0</td><td class="num attn">27</td><td class="num">1,046,268</td><td></td><td></td></tr>
</table>
<table id='summary'><thead><tr><th>Class</th><th>Method</th><th>Start</th><th>Time (ms)</th></tr></thead><tbody><tr><th colspan="4">Suite</th></tr></tbody><tbody id="t0"><tr><th colspan="4">Test &#8212; failed</th></tr><tr class="failedeven"><td rowspan="4">test.java.Func_01_Home_Gnb</td><td><a href="#m0">Home_009_Gnb_MyMenu_MakeBlock</a></td><td rowspan="1">1657640755804</td><td rowspan="1">14085</td></tr><tr class="failedeven"><td><a href="#m1">Home_011_Gnb_MyMenu_Setting</a></td><td rowspan="1">1657640780260</td><td rowspan="1">18233</td></tr><tr class="failedeven"><td><a href="#m2">Home_012_Gnb_MyMenu_LogOut</a></td><td rowspan="1">1657640798494</td><td rowspan="1">10021</td></tr><tr class="failedeven"><td><a href="#m3">Home_013_Gnb_MyMenu_LogOut_Complete</a></td><td rowspan="1">1657640808518</td><td rowspan="1">12059</td></tr><tr class="failedodd"><td rowspan="1">test.java.Func_02_Home_Middle</td><td><a href="#m4">Home_008_Middle_LineBanner</a></td><td rowspan="1">1657640945472</td><td rowspan="1">6234</td></tr><tr class="failedeven"><td rowspan="4">test.java.Func_03_Character_Customization</td><td><a href="#m5">Character_001_MyMenu_Character</a></td><td rowspan="1">1657640951707</td><td rowspan="1">10037</td></tr><tr class="failedeven"><td><a href="#m6">Character_002_Skin</a></td><td rowspan="1">1657640961745</td><td rowspan="1">10019</td></tr><tr class="failedeven"><td><a href="#m7">Character_003_Hair</a></td><td rowspan="1">1657640971766</td><td rowspan="1">12031</td></tr><tr class="failedeven"><td><a href="#m8">Character_004_Top</a></td><td rowspan="1">1657640983798</td><td rowspan="1">12047</td></tr><tr class="failedodd"><td rowspan="9">test.java.Func_05_InGame</td><td><a href="#m9">InGame_003_MyMenu_Setting</a></td><td rowspan="1">1657641134390</td><td rowspan="1">18461</td></tr><tr class="failedodd"><td><a href="#m10">InGame_004_BlockTitle</a></td><td rowspan="1">1657641152852</td><td rowspan="1">10040</td></tr><tr class="failedodd"><td><a href="#m11">InGame_005_BlockFollow</a></td><td rowspan="1">1657641162893</td><td rowspan="1">5143</td></tr><tr class="failedodd"><td><a href="#m12">InGame_006_BlockUnfollow</a></td><td rowspan="1">1657641168037</td><td rowspan="1">14035</td></tr><tr class="failedodd"><td><a href="#m13">InGame_019_FilterEffect</a></td><td rowspan="1">1657641242435</td><td rowspan="1">10003</td></tr><tr class="failedodd"><td><a href="#m14">InGame_020_Emoji</a></td><td rowspan="1">1657641252443</td><td rowspan="1">10106</td></tr><tr class="failedodd"><td><a href="#m15">InGame_021_ShareScreen</a></td><td rowspan="1">1657641262555</td><td rowspan="1">10098</td></tr><tr class="failedodd"><td><a href="#m16">InGame_022_OnOff_Mike</a></td><td rowspan="1">1657641272658</td><td rowspan="1">10058</td></tr><tr class="failedodd"><td><a href="#m17">InGame_023_OnOff_Camera</a></td><td rowspan="1">1657641282719</td><td rowspan="1">16163</td></tr><tr class="failedeven"><td rowspan="1">test.java.Func_06_Setting</td><td><a href="#m18">Setting_016_ProfileSetting_ReCheck</a></td><td rowspan="1">1657641408969</td><td rowspan="1">20330</td></tr><tr class="failedodd"><td rowspan="2">test.java.Func_07_MakeBlock</td><td><a href="#m19">MakeBlock_001_Enter</a></td><td rowspan="1">1657641429300</td><td rowspan="1">1136</td></tr><tr class="failedodd"><td><a href="#m20">MakeBlock_002_Preset</a></td><td rowspan="1">1657641430440</td><td rowspan="1">12035</td></tr><tr class="failedeven"><td rowspan="5">test.java.Func_08_OwnBlock_Setting</td><td><a href="#m21">OBSetting_004_Change_Thumbnail</a></td><td rowspan="1">1657641503758</td><td rowspan="1">10057</td></tr><tr class="failedeven"><td><a href="#m22">OBSetting_005_PW_OnOff</a></td><td rowspan="1">1657641513816</td><td rowspan="1">10103</td></tr><tr class="failedeven"><td><a href="#m23">OBSetting_006_Hide_OnOff</a></td><td rowspan="1">1657641523922</td><td rowspan="1">10112</td></tr><tr class="failedeven"><td><a href="#m24">OBSetting_007_Save</a></td><td rowspan="1">1657641534038</td><td rowspan="1">12114</td></tr><tr class="failedeven"><td><a href="#m25">OBSetting_008_Close</a></td><td rowspan="1">1657641546155</td><td rowspan="1">10067</td></tr><tr class="failedodd"><td rowspan="1">test.java.JoinAccount</td><td><a href="#m26">Join_006_Nickname_Duplicate</a></td><td rowspan="1">1657640615148</td><td rowspan="1">13149</td></tr><tr><th colspan="4">Test &#8212; passed</th></tr><tr class="passedeven"><td rowspan="2">test.java.DeleteAccount</td><td><a href="#m27">scenario_01_facebookLogin</a></td><td rowspan="1">1657640513394</td><td rowspan="1">39975</td></tr><tr class="passedeven"><td><a href="#m28">scenario_02_deleteAccount</a></td><td rowspan="1">1657640553374</td><td rowspan="1">17158</td></tr><tr class="passedodd"><td rowspan="9">test.java.Func_01_Home_Gnb</td><td><a href="#m29">Home_001_Gnb_About</a></td><td rowspan="1">1657640649241</td><td rowspan="1">36403</td></tr><tr class="passedodd"><td><a href="#m30">Home_002_Gnb_About_Start</a></td><td rowspan="1">1657640685646</td><td rowspan="1">4665</td></tr><tr class="passedodd"><td><a href="#m31">Home_003_Gnb_MainLogo</a></td><td rowspan="1">1657640690312</td><td rowspan="1">4149</td></tr><tr class="passedodd"><td><a href="#m32">Home_004_Gnb_CustormerCenter</a></td><td rowspan="1">1657640694463</td><td rowspan="1">18284</td></tr><tr class="passedodd"><td><a href="#m33">Home_005_Gnb_Start</a></td><td rowspan="1">1657640712747</td><td rowspan="1">14229</td></tr><tr class="passedodd"><td><a href="#m34">Home_006_Gnb_MyMenu</a></td><td rowspan="1">1657640726977</td><td rowspan="1">4122</td></tr><tr class="passedodd"><td><a href="#m35">Home_007_Gnb_MyMenu_MyBlock</a></td><td rowspan="1">1657640731100</td><td rowspan="1">13475</td></tr><tr class="passedodd"><td><a href="#m36">Home_008_Gnb_MyMenu_OwnBlock</a></td><td rowspan="1">1657640744576</td><td rowspan="1">11226</td></tr><tr class="passedodd"><td><a href="#m37">Home_010_Gnb_MyMenu_Character</a></td><td rowspan="1">1657640769891</td><td rowspan="1">10369</td></tr><tr class="passedeven"><td rowspan="7">test.java.Func_02_Home_Middle</td><td><a href="#m38">Home_001_Middle_Banner_Logout</a></td><td rowspan="1">1657640820581</td><td rowspan="1">77105</td></tr><tr class="passedeven"><td><a href="#m39">Home_002_Middle_Banner_Top</a></td><td rowspan="1">1657640897687</td><td rowspan="1">17742</td></tr><tr class="passedeven"><td><a href="#m40">Home_003_Middle_OwnBlock_Info</a></td><td rowspan="1">1657640915431</td><td rowspan="1">6212</td></tr><tr class="passedeven"><td><a href="#m41">Home_004_Middle_MyBlock_Star</a></td><td rowspan="1">1657640921645</td><td rowspan="1">2060</td></tr><tr class="passedeven"><td><a href="#m42">Home_005_Middle_MyBlock_Enter</a></td><td rowspan="1">1657640923705</td><td rowspan="1">7284</td></tr><tr class="passedeven"><td><a href="#m43">Home_006_Middle_Make_Block</a></td><td rowspan="1">1657640930990</td><td rowspan="1">7160</td></tr><tr class="passedeven"><td><a href="#m44">Home_007_Middle_Join_Block</a></td><td rowspan="1">1657640938150</td><td rowspan="1">7321</td></tr><tr class="passedodd"><td rowspan="7">test.java.Func_03_Character_Customization</td><td><a href="#m45">Character_005_Bottom</a></td><td rowspan="1">1657640995846</td><td rowspan="1">22352</td></tr><tr class="passedodd"><td><a href="#m46">Character_006_Bag</a></td><td rowspan="1">1657641018201</td><td rowspan="1">16245</td></tr><tr class="passedodd"><td><a href="#m47">Character_007_Cap</a></td><td rowspan="1">1657641034447</td><td rowspan="1">7150</td></tr><tr class="passedodd"><td><a href="#m48">Character_008_Shose</a></td><td rowspan="1">1657641041599</td><td rowspan="1">19314</td></tr><tr class="passedodd"><td><a href="#m49">Character_009_Socks</a></td><td rowspan="1">1657641060914</td><td rowspan="1">7130</td></tr><tr class="passedodd"><td><a href="#m50">Character_010_Accessories</a></td><td rowspan="1">1657641068044</td><td rowspan="1">14312</td></tr><tr class="passedodd"><td><a href="#m51">Character_011_Save</a></td><td rowspan="1">1657641082356</td><td rowspan="1">10163</td></tr><tr class="passedeven"><td rowspan="4">test.java.Func_04_Home_Footer</td><td><a href="#m52">Home_001_Footer_MailTo</a></td><td rowspan="1">1657641092520</td><td rowspan="1">43</td></tr><tr class="passedeven"><td><a href="#m53">Home_002_Footer_Term</a></td><td rowspan="1">1657641092564</td><td rowspan="1">10073</td></tr><tr class="passedeven"><td><a href="#m54">Home_003_Footer_Privacy</a></td><td rowspan="1">1657641102637</td><td rowspan="1">9734</td></tr><tr class="passedeven"><td><a href="#m55">Home_004_Footer_Address</a></td><td rowspan="1">1657641112371</td><td rowspan="1">24</td></tr><tr class="passedodd"><td rowspan="14">test.java.Func_05_InGame</td><td><a href="#m56">InGame_001_HomeBtn</a></td><td rowspan="1">1657641112397</td><td rowspan="1">11491</td></tr><tr class="passedodd"><td><a href="#m57">InGame_002_MyMenu_Character</a></td><td rowspan="1">1657641123889</td><td rowspan="1">10500</td></tr><tr class="passedodd"><td><a href="#m58">InGame_007_ZoomOut</a></td><td rowspan="1">1657641182073</td><td rowspan="1">11219</td></tr><tr class="passedodd"><td><a href="#m59">InGame_008_ZoomIn</a></td><td rowspan="1">1657641193292</td><td rowspan="1">2132</td></tr><tr class="passedodd"><td><a href="#m60">InGame_009_User</a></td><td rowspan="1">1657641195425</td><td rowspan="1">36</td></tr><tr class="passedodd"><td><a href="#m61">InGame_010_MenuBtn</a></td><td rowspan="1">1657641195462</td><td rowspan="1">4205</td></tr><tr class="passedodd"><td><a href="#m62">InGame_011_SearchNickname</a></td><td rowspan="1">1657641199668</td><td rowspan="1">3226</td></tr><tr class="passedodd"><td><a href="#m63">InGame_012_CloseMenu</a></td><td rowspan="1">1657641202896</td><td rowspan="1">2106</td></tr><tr class="passedodd"><td><a href="#m64">InGame_013_Open_Minimap</a></td><td rowspan="1">1657641205004</td><td rowspan="1">4189</td></tr><tr class="passedodd"><td><a href="#m65">InGame_014_Close_Minimap</a></td><td rowspan="1">1657641209194</td><td rowspan="1">4155</td></tr><tr class="passedodd"><td><a href="#m66">InGame_015_Open_Notice</a></td><td rowspan="1">1657641213350</td><td rowspan="1">4198</td></tr><tr class="passedodd"><td><a href="#m67">InGame_016_Close_Notice</a></td><td rowspan="1">1657641217551</td><td rowspan="1">14165</td></tr><tr class="passedodd"><td><a href="#m68">InGame_017_AllChatting</a></td><td rowspan="1">1657641231720</td><td rowspan="1">1287</td></tr><tr class="passedodd"><td><a href="#m69">InGame_018_OnOff_Chatting</a></td><td rowspan="1">1657641233008</td><td rowspan="1">9426</td></tr><tr class="passedeven"><td rowspan="15">test.java.Func_06_Setting</td><td><a href="#m70">Setting_001_MyMenu_MediaSetting</a></td><td rowspan="1">1657641298884</td><td rowspan="1">8671</td></tr><tr class="passedeven"><td><a href="#m71">Setting_002_MediaSetting_OnOffMike</a></td><td rowspan="1">1657641307556</td><td rowspan="1">8632</td></tr><tr class="passedeven"><td><a href="#m72">Setting_003_MediaSetting_OnOffCamera</a></td><td rowspan="1">1657641316192</td><td rowspan="1">8423</td></tr><tr class="passedeven"><td><a href="#m73">Setting_004_MediaSetting_Filter</a></td><td rowspan="1">1657641324619</td><td rowspan="1">8234</td></tr><tr class="passedeven"><td><a href="#m74">Setting_005_MediaSetting_BG</a></td><td rowspan="1">1657641332856</td><td rowspan="1">6469</td></tr><tr class="passedeven"><td><a href="#m75">Setting_006_MediaSetting_Save</a></td><td rowspan="1">1657641339327</td><td rowspan="1">10322</td></tr><tr class="passedeven"><td><a href="#m76">Setting_007_ProfileSetting</a></td><td rowspan="1">1657641349649</td><td rowspan="1">10316</td></tr><tr class="passedeven"><td><a href="#m77">Setting_008_ProfileSetting_Nick_Guide</a></td><td rowspan="1">1657641359965</td><td rowspan="1">3070</td></tr><tr class="passedeven"><td><a href="#m78">Setting_009_ProfileSetting_Nick_Xbtn</a></td><td rowspan="1">1657641363035</td><td rowspan="1">4229</td></tr><tr class="passedeven"><td><a href="#m79">Setting_010_ProfileSetting_Nick_1Text20</a></td><td rowspan="1">1657641367266</td><td rowspan="1">10782</td></tr><tr class="passedeven"><td><a href="#m80">Setting_011_ProfileSetting_Nick_NotText</a></td><td rowspan="1">1657641378049</td><td rowspan="1">3121</td></tr><tr class="passedeven"><td><a href="#m81">Setting_012_ProfileSetting_Nick_Duplicate</a></td><td rowspan="1">1657641381170</td><td rowspan="1">7258</td></tr><tr class="passedeven"><td><a href="#m82">Setting_013_ProfileSetting_Nick_Clear</a></td><td rowspan="1">1657641388429</td><td rowspan="1">6243</td></tr><tr class="passedeven"><td><a href="#m83">Setting_014_ProfileSetting_Nick_Normal</a></td><td rowspan="1">1657641394672</td><td rowspan="1">2050</td></tr><tr class="passedeven"><td><a href="#m84">Setting_015_ProfileSetting_ADagree</a></td><td rowspan="1">1657641396722</td><td rowspan="1">12246</td></tr><tr class="passedodd"><td rowspan="4">test.java.Func_07_MakeBlock</td><td><a href="#m85">MakeBlock_003_Preset_Check</a></td><td rowspan="1">1657641442480</td><td rowspan="1">13992</td></tr><tr class="passedodd"><td><a href="#m86">MakeBlock_004_Preset_CheckBtn</a></td><td rowspan="1">1657641456478</td><td rowspan="1">68</td></tr><tr class="passedodd"><td><a href="#m87">MakeBlock_005_Preset_InputName</a></td><td rowspan="1">1657641456550</td><td rowspan="1">5342</td></tr><tr class="passedodd"><td><a href="#m88">MakeBlock_006_Preset_Make</a></td><td rowspan="1">1657641461895</td><td rowspan="1">11370</td></tr><tr class="passedeven"><td rowspan="3">test.java.Func_08_OwnBlock_Setting</td><td><a href="#m89">OBSetting_001_Enter</a></td><td rowspan="1">1657641473266</td><td rowspan="1">21582</td></tr><tr class="passedeven"><td><a href="#m90">OBSetting_002_Change_BlockName</a></td><td rowspan="1">1657641494850</td><td rowspan="1">5484</td></tr><tr class="passedeven"><td><a href="#m91">OBSetting_003_Change_Notice</a></td><td rowspan="1">1657641500337</td><td rowspan="1">3419</td></tr><tr class="passedodd"><td rowspan="8">test.java.JoinAccount</td><td><a href="#m92">Join_001_Login_Facebook</a></td><td rowspan="1">1657640570538</td><td rowspan="1">27589</td></tr><tr class="passedodd"><td><a href="#m93">Join_002_Nickname_Placeholder</a></td><td rowspan="1">1657640598132</td><td rowspan="1">1064</td></tr><tr class="passedodd"><td><a href="#m94">Join_003_Nickname_GuideText</a></td><td rowspan="1">1657640599197</td><td rowspan="1">3081</td></tr><tr class="passedodd"><td><a href="#m95">Join_004_Nickname_1Text20</a></td><td rowspan="1">1657640602279</td><td rowspan="1">10553</td></tr><tr class="passedodd"><td><a href="#m96">Join_005_Nickname_NotText</a></td><td rowspan="1">1657640612835</td><td rowspan="1">2312</td></tr><tr class="passedodd"><td><a href="#m97">Join_007_Nickname_Clear</a></td><td rowspan="1">1657640628301</td><td rowspan="1">4107</td></tr><tr class="passedodd"><td><a href="#m98">Join_008_Nickname_Normal</a></td><td rowspan="1">1657640632409</td><td rowspan="1">2392</td></tr><tr class="passedodd"><td><a href="#m99">Join_009_Agree_Check</a></td><td rowspan="1">1657640634802</td><td rowspan="1">14437</td></tr></tbody>
</table>
<h2>Test</h2><h3 id="m0">test.java.Func_01_Home_Gnb#Home_009_Gnb_MyMenu_MakeBlock</h3><table class="result"><tr><th>Exception</th></tr><tr><td><div class="stacktrace">org.openqa.selenium.ElementNotInteractableException: element not interactable
  (Session info: chrome=103.0.5060.114)
Build info: version: &apos;4.1.2&apos;, revision: &apos;9a5a329c5a&apos;
System info: host: &apos;DESKTOP-IIOPE3V&apos;, ip: &apos;172.17.160.179&apos;, os.name: &apos;Windows 10&apos;, os.arch: &apos;amd64&apos;, os.version: &apos;10.0&apos;, java.version: &apos;17.0.2&apos;
Driver info: org.openqa.selenium.chrome.ChromeDriver
Command: [cf2edd4a26e39300732c75ddd693cdcc, clickElement {id=0a045950-bb13-4107-aa07-514cf5368539}]
Capabilities {acceptInsecureCerts: false, browserName: chrome, browserVersion: 103.0.5060.114, chrome: {chromedriverVersion: 102.0.5005.61 (0e59bcc00cc4..., userDataDir: C:\Users\riley\AppData\Loca...}, goog:chromeOptions: {debuggerAddress: localhost:53741}, javascriptEnabled: true, networkConnectionEnabled: false, pageLoadStrategy: normal, platform: WINDOWS, platformName: WINDOWS, proxy: Proxy(), se:cdp: ws://localhost:53741/devtoo..., se:cdpVersion: 103.0.5060.114, setWindowRect: true, strictFileInteractability: false, timeouts: {implicit: 0, pageLoad: 300000, script: 30000}, unhandledPromptBehavior: dismiss and notify, webauthn:extension:credBlob: true, webauthn:extension:largeBlob: true, webauthn:virtualAuthenticators: true}
Element: [[ChromeDriver: chrome on WINDOWS (cf2edd4a26e39300732c75ddd693cdcc)] -&gt; xpath: //*[contains(text(), &apos;블록 만들기&apos;)]]
Session ID: cf2edd4a26e39300732c75ddd693cdcc
	at org.openqa.selenium.remote.codec.w3c.W3CHttpResponseCodec.createException(W3CHttpResponseCodec.java:200)
	at org.openqa.selenium.remote.codec.w3c.W3CHttpResponseCodec.decode(W3CHttpResponseCodec.java:133)
	at org.openqa.selenium.remote.codec.w3c.W3CHttpResponseCodec.decode(W3CHttpResponseCodec.java:53)
	at org.openqa.selenium.remote.HttpCommandExecutor.execute(HttpCommandExecutor.java:184)
	at org.openqa.selenium.remote.service.DriverCommandExecutor.invokeExecute(DriverCommandExecutor.java:167)
	at org.openqa.selenium.remote.service.DriverCommandExecutor.execute(DriverCommandExecutor.java:142)
	at org.openqa.selenium.remote.RemoteWebDriver.execute(RemoteWebDriver.java:558)
	at org.openqa.selenium.remote.RemoteWebElement.execute(RemoteWebElement.java:251)
	at org.openqa.selenium.remote.RemoteWebElement.click(RemoteWebElement.java:77)
	at main.java.Common.clickByText(Common.java:31)
	at test.java.Func_01_Home_Gnb.Home_009_Gnb_MyMenu_MakeBlock(Func_01_Home_Gnb.java:103)
	at java.base/java.util.ArrayList.forEach(ArrayList.java:1511)
... Removed 32 stack frames</div></td></tr></table><p class="totop"><a href="#summary">back to summary</a></p>
<h3 id="m1">test.java.Func_01_Home_Gnb#Home_011_Gnb_MyMenu_Setting</h3><table class="result"><tr><th>Exception</th></tr><tr><td><div class="stacktrace">org.openqa.selenium.TimeoutException: Expected condition failed: waiting for element to be clickable: By.xpath: /html/body/div[7]/div/div/div[1]/img (tried for 10 second(s) with 500 milliseconds interval)
Build info: version: &apos;4.1.2&apos;, revision: &apos;9a5a329c5a&apos;
System info: host: &apos;DESKTOP-IIOPE3V&apos;, ip: &apos;172.17.160.179&apos;, os.name: &apos;Windows 10&apos;, os.arch: &apos;amd64&apos;, os.version: &apos;10.0&apos;, java.version: &apos;17.0.2&apos;
Driver info: org.openqa.selenium.chrome.ChromeDriver
Capabilities {acceptInsecureCerts: false, browserName: chrome, browserVersion: 103.0.5060.114, chrome: {chromedriverVersion: 102.0.5005.61 (0e59bcc00cc4..., userDataDir: C:\Users\riley\AppData\Loca...}, goog:chromeOptions: {debuggerAddress: localhost:53741}, javascriptEnabled: true, networkConnectionEnabled: false, pageLoadStrategy: normal, platform: WINDOWS, platformName: WINDOWS, proxy: Proxy(), se:cdp: ws://localhost:53741/devtoo..., se:cdpVersion: 103.0.5060.114, setWindowRect: true, strictFileInteractability: false, timeouts: {implicit: 0, pageLoad: 300000, script: 30000}, unhandledPromptBehavior: dismiss and notify, webauthn:extension:credBlob: true, webauthn:extension:largeBlob: true, webauthn:virtualAuthenticators: true}
Session ID: cf2edd4a26e39300732c75ddd693cdcc
	at org.openqa.selenium.support.ui.WebDriverWait.timeoutException(WebDriverWait.java:138)
	at org.openqa.selenium.support.ui.FluentWait.until(FluentWait.java:231)
	at main.java.Common.clickByXpath(Common.java:38)
	at test.java.Func_01_Home_Gnb.Home_011_Gnb_MyMenu_Setting(Func_01_Home_Gnb.java:123)
	at java.base/java.util.ArrayList.forEach(ArrayList.java:1511)
... Removed 27 stack frames</div></td></tr></table><p class="totop"><a href="#summary">back to summary</a></p>
<h3 id="m2">test.java.Func_01_Home_Gnb#Home_012_Gnb_MyMenu_LogOut</h3><table class="result"><tr><th>Exception</th></tr><tr><td><div class="stacktrace">org.openqa.selenium.TimeoutException: Expected condition failed: waiting for element to be clickable: By.xpath: /html/body/div[1]/header/div/div[2]/div[2]/div (tried for 10 second(s) with 500 milliseconds interval)
Build info: version: &apos;4.1.2&apos;, revision: &apos;9a5a329c5a&apos;
System info: host: &apos;DESKTOP-IIOPE3V&apos;, ip: &apos;172.17.160.179&apos;, os.name: &apos;Windows 10&apos;, os.arch: &apos;amd64&apos;, os.version: &apos;10.0&apos;, java.version: &apos;17.0.2&apos;
Driver info: org.openqa.selenium.chrome.ChromeDriver
Capabilities {acceptInsecureCerts: false, browserName: chrome, browserVersion: 103.0.5060.114, chrome: {chromedriverVersion: 102.0.5005.61 (0e59bcc00cc4..., userDataDir: C:\Users\riley\AppData\Loca...}, goog:chromeOptions: {debuggerAddress: localhost:53741}, javascriptEnabled: true, networkConnectionEnabled: false, pageLoadStrategy: normal, platform: WINDOWS, platformName: WINDOWS, proxy: Proxy(), se:cdp: ws://localhost:53741/devtoo..., se:cdpVersion: 103.0.5060.114, setWindowRect: true, strictFileInteractability: false, timeouts: {implicit: 0, pageLoad: 300000, script: 30000}, unhandledPromptBehavior: dismiss and notify, webauthn:extension:credBlob: true, webauthn:extension:largeBlob: true, webauthn:virtualAuthenticators: true}
Session ID: cf2edd4a26e39300732c75ddd693cdcc
	at org.openqa.selenium.support.ui.WebDriverWait.timeoutException(WebDriverWait.java:138)
	at org.openqa.selenium.support.ui.FluentWait.until(FluentWait.java:231)
	at main.java.Common.clickByXpath(Common.java:38)
	at test.java.Func_01_Home_Gnb.Home_012_Gnb_MyMenu_LogOut(Func_01_Home_Gnb.java:129)
	at java.base/java.util.ArrayList.forEach(ArrayList.java:1511)
... Removed 27 stack frames</div></td></tr></table><p class="totop"><a href="#summary">back to summary</a></p>
<h3 id="m3">test.java.Func_01_Home_Gnb#Home_013_Gnb_MyMenu_LogOut_Complete</h3><table class="result"><tr><th>Exception</th></tr><tr><td><div class="stacktrace">org.openqa.selenium.NoSuchElementException: no such element: Unable to locate element: {&quot;method&quot;:&quot;xpath&quot;,&quot;selector&quot;:&quot;//*[contains(text(), &apos;확인&apos;)]&quot;}
  (Session info: chrome=103.0.5060.114)
For documentation on this error, please visit: https://selenium.dev/exceptions/#no_such_element
Build info: version: &apos;4.1.2&apos;, revision: &apos;9a5a329c5a&apos;
System info: host: &apos;DESKTOP-IIOPE3V&apos;, ip: &apos;172.17.160.179&apos;, os.name: &apos;Windows 10&apos;, os.arch: &apos;amd64&apos;, os.version: &apos;10.0&apos;, java.version: &apos;17.0.2&apos;
Driver info: org.openqa.selenium.chrome.ChromeDriver
Command: [cf2edd4a26e39300732c75ddd693cdcc, findElement {using=xpath, value=//*[contains(text(), &apos;확인&apos;)]}]
Capabilities {acceptInsecureCerts: false, browserName: chrome, browserVersion: 103.0.5060.114, chrome: {chromedriverVersion: 102.0.5005.61 (0e59bcc00cc4..., userDataDir: C:\Users\riley\AppData\Loca...}, goog:chromeOptions: {debuggerAddress: localhost:53741}, javascriptEnabled: true, networkConnectionEnabled: false, pageLoadStrategy: normal, platform: WINDOWS, platformName: WINDOWS, proxy: Proxy(), se:cdp: ws://localhost:53741/devtoo..., se:cdpVersion: 103.0.5060.114, setWindowRect: true, strictFileInteractability: false, timeouts: {implicit: 0, pageLoad: 300000, script: 30000}, unhandledPromptBehavior: dismiss and notify, webauthn:extension:credBlob: true, webauthn:extension:largeBlob: true, webauthn:virtualAuthenticators: true}
Session ID: cf2edd4a26e39300732c75ddd693cdcc
	at org.openqa.selenium.remote.codec.w3c.W3CHttpResponseCodec.createException(W3CHttpResponseCodec.java:200)
	at org.openqa.selenium.remote.codec.w3c.W3CHttpResponseCodec.decode(W3CHttpResponseCodec.java:133)
	at org.openqa.selenium.remote.codec.w3c.W3CHttpResponseCodec.decode(W3CHttpResponseCodec.java:53)
	at org.openqa.selenium.remote.HttpCommandExecutor.execute(HttpCommandExecutor.java:184)
	at org.openqa.selenium.remote.service.DriverCommandExecutor.invokeExecute(DriverCommandExecutor.java:167)
	at org.openqa.selenium.remote.service.DriverCommandExecutor.execute(DriverCommandExecutor.java:142)
	at org.openqa.selenium.remote.RemoteWebDriver.execute(RemoteWebDriver.java:558)
	at org.openqa.selenium.remote.ElementLocation$ElementFinder$2.findElement(ElementLocation.java:162)
	at org.openqa.selenium.remote.ElementLocation.findElement(ElementLocation.java:60)
	at org.openqa.selenium.remote.RemoteWebDriver.findElement(RemoteWebDriver.java:382)
	at org.openqa.selenium.remote.RemoteWebDriver.findElement(RemoteWebDriver.java:374)
	at main.java.Common.clickByText(Common.java:31)
	at test.java.Func_01_Home_Gnb.Home_013_Gnb_MyMenu_LogOut_Complete(Func_01_Home_Gnb.java:138)
	at java.base/java.util.ArrayList.forEach(ArrayList.java:1511)
... Removed 32 stack frames</div></td></tr></table><p class="totop"><a href="#summary">back to summary</a></p>
<h3 id="m4">test.java.Func_02_Home_Middle#Home_008_Middle_LineBanner</h3><table class="result"><tr><th>Exception</th></tr><tr><td><div class="stacktrace">java.lang.AssertionError: expected [https://2ndblock.com/space#100] but found [https://2ndblock.com/room/ZTVqoyjWpAfjpjCZaUVD]
	at main.java.Common.Assert_CheckCurrentUrl(Common.java:162)
	at test.java.Func_02_Home_Middle.Home_008_Middle_LineBanner(Func_02_Home_Middle.java:129)
	at java.base/java.util.ArrayList.forEach(ArrayList.java:1511)
... Removed 33 stack frames</div></td></tr></table><p class="totop"><a href="#summary">back to summary</a></p>
<h3 id="m5">test.java.Func_03_Character_Customization#Character_001_MyMenu_Character</h3><table class="result"><tr><th>Exception</th></tr><tr><td><div class="stacktrace">org.openqa.selenium.TimeoutException: Expected condition failed: waiting for element to be clickable: By.xpath: /html/body/div[1]/header/div/div[2]/div[2]/div (tried for 10 second(s) with 500 milliseconds interval)
Build info: version: &apos;4.1.2&apos;, revision: &apos;9a5a329c5a&apos;
System info: host: &apos;DESKTOP-IIOPE3V&apos;, ip: &apos;172.17.160.179&apos;, os.name: &apos;Windows 10&apos;, os.arch: &apos;amd64&apos;, os.version: &apos;10.0&apos;, java.version: &apos;17.0.2&apos;
Driver info: org.openqa.selenium.chrome.ChromeDriver
Capabilities {acceptInsecureCerts: false, browserName: chrome, browserVersion: 103.0.5060.114, chrome: {chromedriverVersion: 102.0.5005.61 (0e59bcc00cc4..., userDataDir: C:\Users\riley\AppData\Loca...}, goog:chromeOptions: {debuggerAddress: localhost:53741}, javascriptEnabled: true, networkConnectionEnabled: false, pageLoadStrategy: normal, platform: WINDOWS, platformName: WINDOWS, proxy: Proxy(), se:cdp: ws://localhost:53741/devtoo..., se:cdpVersion: 103.0.5060.114, setWindowRect: true, strictFileInteractability: false, timeouts: {implicit: 0, pageLoad: 300000, script: 30000}, unhandledPromptBehavior: dismiss and notify, webauthn:extension:credBlob: true, webauthn:extension:largeBlob: true, webauthn:virtualAuthenticators: true}
Session ID: cf2edd4a26e39300732c75ddd693cdcc
	at org.openqa.selenium.support.ui.WebDriverWait.timeoutException(WebDriverWait.java:138)
	at org.openqa.selenium.support.ui.FluentWait.until(FluentWait.java:231)
	at main.java.Common.clickByXpath(Common.java:38)
	at test.java.Func_03_Character_Customization.Character_001_MyMenu_Character(Func_03_Character_Customization.java:34)
	at java.base/java.util.ArrayList.forEach(ArrayList.java:1511)
... Removed 27 stack frames</div></td></tr></table><p class="totop"><a href="#summary">back to summary</a></p>
<h3 id="m6">test.java.Func_03_Character_Customization#Character_002_Skin</h3><table class="result"><tr><th>Exception</th></tr><tr><td><div class="stacktrace">org.openqa.selenium.TimeoutException: Expected condition failed: waiting for element to be clickable: By.xpath: //*[contains(text(), &apos;피부&apos;)] (tried for 10 second(s) with 500 milliseconds interval)
Build info: version: &apos;4.1.2&apos;, revision: &apos;9a5a329c5a&apos;
System info: host: &apos;DESKTOP-IIOPE3V&apos;, ip: &apos;172.17.160.179&apos;, os.name: &apos;Windows 10&apos;, os.arch: &apos;amd64&apos;, os.version: &apos;10.0&apos;, java.version: &apos;17.0.2&apos;
Driver info: org.openqa.selenium.chrome.ChromeDriver
Capabilities {acceptInsecureCerts: false, browserName: chrome, browserVersion: 103.0.5060.114, chrome: {chromedriverVersion: 102.0.5005.61 (0e59bcc00cc4..., userDataDir: C:\Users\riley\AppData\Loca...}, goog:chromeOptions: {debuggerAddress: localhost:53741}, javascriptEnabled: true, networkConnectionEnabled: false, pageLoadStrategy: normal, platform: WINDOWS, platformName: WINDOWS, proxy: Proxy(), se:cdp: ws://localhost:53741/devtoo..., se:cdpVersion: 103.0.5060.114, setWindowRect: true, strictFileInteractability: false, timeouts: {implicit: 0, pageLoad: 300000, script: 30000}, unhandledPromptBehavior: dismiss and notify, webauthn:extension:credBlob: true, webauthn:extension:largeBlob: true, webauthn:virtualAuthenticators: true}
Session ID: cf2edd4a26e39300732c75ddd693cdcc
	at org.openqa.selenium.support.ui.WebDriverWait.timeoutException(WebDriverWait.java:138)
	at org.openqa.selenium.support.ui.FluentWait.until(FluentWait.java:231)
	at main.java.Common.Assert_ExistByText(Common.java:119)
	at test.java.Func_03_Character_Customization.Character_002_Skin(Func_03_Character_Customization.java:41)
	at java.base/java.util.ArrayList.forEach(ArrayList.java:1511)
... Removed 27 stack frames</div></td></tr></table><p class="totop"><a href="#summary">back to summary</a></p>
<h3 id="m7">test.java.Func_03_Character_Customization#Character_003_Hair</h3><table class="result"><tr><th>Exception</th></tr><tr><td><div class="stacktrace">org.openqa.selenium.NoSuchElementException: no such element: Unable to locate element: {&quot;method&quot;:&quot;xpath&quot;,&quot;selector&quot;:&quot;//*[contains(text(), &apos;헤어&apos;)]&quot;}
  (Session info: chrome=103.0.5060.114)
For documentation on this error, please visit: https://selenium.dev/exceptions/#no_such_element
Build info: version: &apos;4.1.2&apos;, revision: &apos;9a5a329c5a&apos;
System info: host: &apos;DESKTOP-IIOPE3V&apos;, ip: &apos;172.17.160.179&apos;, os.name: &apos;Windows 10&apos;, os.arch: &apos;amd64&apos;, os.version: &apos;10.0&apos;, java.version: &apos;17.0.2&apos;
Driver info: org.openqa.selenium.chrome.ChromeDriver
Command: [cf2edd4a26e39300732c75ddd693cdcc, findElement {using=xpath, value=//*[contains(text(), &apos;헤어&apos;)]}]
Capabilities {acceptInsecureCerts: false, browserName: chrome, browserVersion: 103.0.5060.114, chrome: {chromedriverVersion: 102.0.5005.61 (0e59bcc00cc4..., userDataDir: C:\Users\riley\AppData\Loca...}, goog:chromeOptions: {debuggerAddress: localhost:53741}, javascriptEnabled: true, networkConnectionEnabled: false, pageLoadStrategy: normal, platform: WINDOWS, platformName: WINDOWS, proxy: Proxy(), se:cdp: ws://localhost:53741/devtoo..., se:cdpVersion: 103.0.5060.114, setWindowRect: true, strictFileInteractability: false, timeouts: {implicit: 0, pageLoad: 300000, script: 30000}, unhandledPromptBehavior: dismiss and notify, webauthn:extension:credBlob: true, webauthn:extension:largeBlob: true, webauthn:virtualAuthenticators: true}
Session ID: cf2edd4a26e39300732c75ddd693cdcc
	at org.openqa.selenium.remote.codec.w3c.W3CHttpResponseCodec.createException(W3CHttpResponseCodec.java:200)
	at org.openqa.selenium.remote.codec.w3c.W3CHttpResponseCodec.decode(W3CHttpResponseCodec.java:133)
	at org.openqa.selenium.remote.codec.w3c.W3CHttpResponseCodec.decode(W3CHttpResponseCodec.java:53)
	at org.openqa.selenium.remote.HttpCommandExecutor.execute(HttpCommandExecutor.java:184)
	at org.openqa.selenium.remote.service.DriverCommandExecutor.invokeExecute(DriverCommandExecutor.java:167)
	at org.openqa.selenium.remote.service.DriverCommandExecutor.execute(DriverCommandExecutor.java:142)
	at org.openqa.selenium.remote.RemoteWebDriver.execute(RemoteWebDriver.java:558)
	at org.openqa.selenium.remote.ElementLocation$ElementFinder$2.findElement(ElementLocation.java:162)
	at org.openqa.selenium.remote.ElementLocation.findElement(ElementLocation.java:60)
	at org.openqa.selenium.remote.RemoteWebDriver.findElement(RemoteWebDriver.java:382)
	at org.openqa.selenium.remote.RemoteWebDriver.findElement(RemoteWebDriver.java:374)
	at main.java.Common.clickByText(Common.java:31)
	at test.java.Func_03_Character_Customization.Character_003_Hair(Func_03_Character_Customization.java:49)
	at java.base/java.util.ArrayList.forEach(ArrayList.java:1511)
... Removed 32 stack frames</div></td></tr></table><p class="totop"><a href="#summary">back to summary</a></p>
<h3 id="m8">test.java.Func_03_Character_Customization#Character_004_Top</h3><table class="result"><tr><th>Exception</th></tr><tr><td><div class="stacktrace">org.openqa.selenium.TimeoutException: Expected condition failed: waiting for element to be clickable: By.xpath: /html/body/div[5]/div/div/div[2]/div[2]/div[1]/ul/li[3] (tried for 10 second(s) with 500 milliseconds interval)
Build info: version: &apos;4.1.2&apos;, revision: &apos;9a5a329c5a&apos;
System info: host: &apos;DESKTOP-IIOPE3V&apos;, ip: &apos;172.17.160.179&apos;, os.name: &apos;Windows 10&apos;, os.arch: &apos;amd64&apos;, os.version: &apos;10.0&apos;, java.version: &apos;17.0.2&apos;
Driver info: org.openqa.selenium.chrome.ChromeDriver
Capabilities {acceptInsecureCerts: false, browserName: chrome, browserVersion: 103.0.5060.114, chrome: {chromedriverVersion: 102.0.5005.61 (0e59bcc00cc4..., userDataDir: C:\Users\riley\AppData\Loca...}, goog:chromeOptions: {debuggerAddress: localhost:53741}, javascriptEnabled: true, networkConnectionEnabled: false, pageLoadStrategy: normal, platform: WINDOWS, platformName: WINDOWS, proxy: Proxy(), se:cdp: ws://localhost:53741/devtoo..., se:cdpVersion: 103.0.5060.114, setWindowRect: true, strictFileInteractability: false, timeouts: {implicit: 0, pageLoad: 300000, script: 30000}, unhandledPromptBehavior: dismiss and notify, webauthn:extension:credBlob: true, webauthn:extension:largeBlob: true, webauthn:virtualAuthenticators: true}
Session ID: cf2edd4a26e39300732c75ddd693cdcc
	at org.openqa.selenium.support.ui.WebDriverWait.timeoutException(WebDriverWait.java:138)
	at org.openqa.selenium.support.ui.FluentWait.until(FluentWait.java:231)
	at main.java.Common.clickByXpath(Common.java:38)
	at test.java.Func_03_Character_Customization.Character_004_Top(Func_03_Character_Customization.java:59)
	at java.base/java.util.ArrayList.forEach(ArrayList.java:1511)
... Removed 27 stack frames</div></td></tr></table><p class="totop"><a href="#summary">back to summary</a></p>
<h3 id="m9">test.java.Func_05_InGame#InGame_003_MyMenu_Setting</h3><table class="result"><tr><th>Exception</th></tr><tr><td><div class="stacktrace">org.openqa.selenium.TimeoutException: Expected condition failed: waiting for element to be clickable: By.xpath: /html/body/div[7]/div/div/div[1]/img (tried for 10 second(s) with 500 milliseconds interval)
Build info: version: &apos;4.1.2&apos;, revision: &apos;9a5a329c5a&apos;
System info: host: &apos;DESKTOP-IIOPE3V&apos;, ip: &apos;172.17.160.179&apos;, os.name: &apos;Windows 10&apos;, os.arch: &apos;amd64&apos;, os.version: &apos;10.0&apos;, java.version: &apos;17.0.2&apos;
Driver info: org.openqa.selenium.chrome.ChromeDriver
Capabilities {acceptInsecureCerts: false, browserName: chrome, browserVersion: 103.0.5060.114, chrome: {chromedriverVersion: 102.0.5005.61 (0e59bcc00cc4..., userDataDir: C:\Users\riley\AppData\Loca...}, goog:chromeOptions: {debuggerAddress: localhost:53741}, javascriptEnabled: true, networkConnectionEnabled: false, pageLoadStrategy: normal, platform: WINDOWS, platformName: WINDOWS, proxy: Proxy(), se:cdp: ws://localhost:53741/devtoo..., se:cdpVersion: 103.0.5060.114, setWindowRect: true, strictFileInteractability: false, timeouts: {implicit: 0, pageLoad: 300000, script: 30000}, unhandledPromptBehavior: dismiss and notify, webauthn:extension:credBlob: true, webauthn:extension:largeBlob: true, webauthn:virtualAuthenticators: true}
Session ID: cf2edd4a26e39300732c75ddd693cdcc
	at org.openqa.selenium.support.ui.WebDriverWait.timeoutException(WebDriverWait.java:138)
	at org.openqa.selenium.support.ui.FluentWait.until(FluentWait.java:231)
	at main.java.Common.clickByXpath(Common.java:38)
	at test.java.Func_05_InGame.InGame_003_MyMenu_Setting(Func_05_InGame.java:45)
	at java.base/java.util.ArrayList.forEach(ArrayList.java:1511)
... Removed 27 stack frames</div></td></tr></table><p class="totop"><a href="#summary">back to summary</a></p>
<h3 id="m10">test.java.Func_05_InGame#InGame_004_BlockTitle</h3><table class="result"><tr><th>Exception</th></tr><tr><td><div class="stacktrace">org.openqa.selenium.TimeoutException: Expected condition failed: waiting for element to be clickable: By.xpath: /html/body/div[1]/div[1]/div[2]/div[1]/div[1]/div[3]/div[2]/span/span (tried for 10 second(s) with 500 milliseconds interval)
Build info: version: &apos;4.1.2&apos;, revision: &apos;9a5a329c5a&apos;
System info: host: &apos;DESKTOP-IIOPE3V&apos;, ip: &apos;172.17.160.179&apos;, os.name: &apos;Windows 10&apos;, os.arch: &apos;amd64&apos;, os.version: &apos;10.0&apos;, java.version: &apos;17.0.2&apos;
Driver info: org.openqa.selenium.chrome.ChromeDriver
Capabilities {acceptInsecureCerts: false, browserName: chrome, browserVersion: 103.0.5060.114, chrome: {chromedriverVersion: 102.0.5005.61 (0e59bcc00cc4..., userDataDir: C:\Users\riley\AppData\Loca...}, goog:chromeOptions: {debuggerAddress: localhost:53741}, javascriptEnabled: true, networkConnectionEnabled: false, pageLoadStrategy: normal, platform: WINDOWS, platformName: WINDOWS, proxy: Proxy(), se:cdp: ws://localhost:53741/devtoo..., se:cdpVersion: 103.0.5060.114, setWindowRect: true, strictFileInteractability: false, timeouts: {implicit: 0, pageLoad: 300000, script: 30000}, unhandledPromptBehavior: dismiss and notify, webauthn:extension:credBlob: true, webauthn:extension:largeBlob: true, webauthn:virtualAuthenticators: true}
Session ID: cf2edd4a26e39300732c75ddd693cdcc
	at org.openqa.selenium.support.ui.WebDriverWait.timeoutException(WebDriverWait.java:138)
	at org.openqa.selenium.support.ui.FluentWait.until(FluentWait.java:231)
	at main.java.Common.Assert_ExistByXpath(Common.java:134)
	at test.java.Func_05_InGame.InGame_004_BlockTitle(Func_05_InGame.java:51)
	at java.base/java.util.ArrayList.forEach(ArrayList.java:1511)
... Removed 27 stack frames</div></td></tr></table><p class="totop"><a href="#summary">back to summary</a></p>
<h3 id="m11">test.java.Func_05_InGame#InGame_005_BlockFollow</h3><table class="result"><tr><th>Exception</th></tr><tr><td><div class="stacktrace">org.openqa.selenium.ElementClickInterceptedException: element click intercepted: Element &lt;button class=&quot;styles-module__now-unfollowing-status--ldWOe&quot;&gt;...&lt;/button&gt; is not clickable at point (1438, 24). Other element would receive the click: &lt;div class=&quot;ReactModal__Overlay ReactModal__Overlay--after-open&quot; style=&quot;position: fixed; inset: 0px; background-color: rgba(0, 0, 0, 0.6); z-index: 999999999;&quot;&gt;...&lt;/div&gt;
  (Session info: chrome=103.0.5060.114)
Build info: version: &apos;4.1.2&apos;, revision: &apos;9a5a329c5a&apos;
System info: host: &apos;DESKTOP-IIOPE3V&apos;, ip: &apos;172.17.160.179&apos;, os.name: &apos;Windows 10&apos;, os.arch: &apos;amd64&apos;, os.version: &apos;10.0&apos;, java.version: &apos;17.0.2&apos;
Driver info: org.openqa.selenium.chrome.ChromeDriver
Command: [cf2edd4a26e39300732c75ddd693cdcc, clickElement {id=c7125d19-5e8d-4e94-aaa6-7632a71d04e9}]
Capabilities {acceptInsecureCerts: false, browserName: chrome, browserVersion: 103.0.5060.114, chrome: {chromedriverVersion: 102.0.5005.61 (0e59bcc00cc4..., userDataDir: C:\Users\riley\AppData\Loca...}, goog:chromeOptions: {debuggerAddress: localhost:53741}, javascriptEnabled: true, networkConnectionEnabled: false, pageLoadStrategy: normal, platform: WINDOWS, platformName: WINDOWS, proxy: Proxy(), se:cdp: ws://localhost:53741/devtoo..., se:cdpVersion: 103.0.5060.114, setWindowRect: true, strictFileInteractability: false, timeouts: {implicit: 0, pageLoad: 300000, script: 30000}, unhandledPromptBehavior: dismiss and notify, webauthn:extension:credBlob: true, webauthn:extension:largeBlob: true, webauthn:virtualAuthenticators: true}
Element: [[ChromeDriver: chrome on WINDOWS (cf2edd4a26e39300732c75ddd693cdcc)] -&gt; xpath: //*[contains(text(), &apos;블록 팔로우&apos;)]]
Session ID: cf2edd4a26e39300732c75ddd693cdcc
	at org.openqa.selenium.remote.codec.w3c.W3CHttpResponseCodec.createException(W3CHttpResponseCodec.java:200)
	at org.openqa.selenium.remote.codec.w3c.W3CHttpResponseCodec.decode(W3CHttpResponseCodec.java:133)
	at org.openqa.selenium.remote.codec.w3c.W3CHttpResponseCodec.decode(W3CHttpResponseCodec.java:53)
	at org.openqa.selenium.remote.HttpCommandExecutor.execute(HttpCommandExecutor.java:184)
	at org.openqa.selenium.remote.service.DriverCommandExecutor.invokeExecute(DriverCommandExecutor.java:167)
	at org.openqa.selenium.remote.service.DriverCommandExecutor.execute(DriverCommandExecutor.java:142)
	at org.openqa.selenium.remote.RemoteWebDriver.execute(RemoteWebDriver.java:558)
	at org.openqa.selenium.remote.RemoteWebElement.execute(RemoteWebElement.java:251)
	at org.openqa.selenium.remote.RemoteWebElement.click(RemoteWebElement.java:77)
	at main.java.Common.clickByText(Common.java:31)
	at test.java.Func_05_InGame.InGame_005_BlockFollow(Func_05_InGame.java:58)
	at java.base/java.util.ArrayList.forEach(ArrayList.java:1511)
... Removed 32 stack frames</div></td></tr></table><p class="totop"><a href="#summary">back to summary</a></p>
<h3 id="m12">test.java.Func_05_InGame#InGame_006_BlockUnfollow</h3><table class="result"><tr><th>Exception</th></tr><tr><td><div class="stacktrace">org.openqa.selenium.NoSuchElementException: no such element: Unable to locate element: {&quot;method&quot;:&quot;xpath&quot;,&quot;selector&quot;:&quot;//*[contains(text(), &apos; 팔로우 중&apos;)]&quot;}
  (Session info: chrome=103.0.5060.114)
For documentation on this error, please visit: https://selenium.dev/exceptions/#no_such_element
Build info: version: &apos;4.1.2&apos;, revision: &apos;9a5a329c5a&apos;
System info: host: &apos;DESKTOP-IIOPE3V&apos;, ip: &apos;172.17.160.179&apos;, os.name: &apos;Windows 10&apos;, os.arch: &apos;amd64&apos;, os.version: &apos;10.0&apos;, java.version: &apos;17.0.2&apos;
Driver info: org.openqa.selenium.chrome.ChromeDriver
Command: [cf2edd4a26e39300732c75ddd693cdcc, findElement {using=xpath, value=//*[contains(text(), &apos; 팔로우 중&apos;)]}]
Capabilities {acceptInsecureCerts: false, browserName: chrome, browserVersion: 103.0.5060.114, chrome: {chromedriverVersion: 102.0.5005.61 (0e59bcc00cc4..., userDataDir: C:\Users\riley\AppData\Loca...}, goog:chromeOptions: {debuggerAddress: localhost:53741}, javascriptEnabled: true, networkConnectionEnabled: false, pageLoadStrategy: normal, platform: WINDOWS, platformName: WINDOWS, proxy: Proxy(), se:cdp: ws://localhost:53741/devtoo..., se:cdpVersion: 103.0.5060.114, setWindowRect: true, strictFileInteractability: false, timeouts: {implicit: 0, pageLoad: 300000, script: 30000}, unhandledPromptBehavior: dismiss and notify, webauthn:extension:credBlob: true, webauthn:extension:largeBlob: true, webauthn:virtualAuthenticators: true}
Session ID: cf2edd4a26e39300732c75ddd693cdcc
	at org.openqa.selenium.remote.codec.w3c.W3CHttpResponseCodec.createException(W3CHttpResponseCodec.java:200)
	at org.openqa.selenium.remote.codec.w3c.W3CHttpResponseCodec.decode(W3CHttpResponseCodec.java:133)
	at org.openqa.selenium.remote.codec.w3c.W3CHttpResponseCodec.decode(W3CHttpResponseCodec.java:53)
	at org.openqa.selenium.remote.HttpCommandExecutor.execute(HttpCommandExecutor.java:184)
	at org.openqa.selenium.remote.service.DriverCommandExecutor.invokeExecute(DriverCommandExecutor.java:167)
	at org.openqa.selenium.remote.service.DriverCommandExecutor.execute(DriverCommandExecutor.java:142)
	at org.openqa.selenium.remote.RemoteWebDriver.execute(RemoteWebDriver.java:558)
	at org.openqa.selenium.remote.ElementLocation$ElementFinder$2.findElement(ElementLocation.java:162)
	at org.openqa.selenium.remote.ElementLocation.findElement(ElementLocation.java:60)
	at org.openqa.selenium.remote.RemoteWebDriver.findElement(RemoteWebDriver.java:382)
	at org.openqa.selenium.remote.RemoteWebDriver.findElement(RemoteWebDriver.java:374)
	at main.java.Common.clickByText(Common.java:31)
	at test.java.Func_05_InGame.InGame_006_BlockUnfollow(Func_05_InGame.java:67)
	at java.base/java.util.ArrayList.forEach(ArrayList.java:1511)
... Removed 32 stack frames</div></td></tr></table><p class="totop"><a href="#summary">back to summary</a></p>
<h3 id="m13">test.java.Func_05_InGame#InGame_019_FilterEffect</h3><table class="result"><tr><th>Exception</th></tr><tr><td><div class="stacktrace">org.openqa.selenium.TimeoutException: Expected condition failed: waiting for element to be clickable: By.xpath: /html/body/div[1]/div[1]/div[2]/div[2]/div[1] (tried for 10 second(s) with 500 milliseconds interval)
Build info: version: &apos;4.1.2&apos;, revision: &apos;9a5a329c5a&apos;
System info: host: &apos;DESKTOP-IIOPE3V&apos;, ip: &apos;172.17.160.179&apos;, os.name: &apos;Windows 10&apos;, os.arch: &apos;amd64&apos;, os.version: &apos;10.0&apos;, java.version: &apos;17.0.2&apos;
Driver info: org.openqa.selenium.chrome.ChromeDriver
Capabilities {acceptInsecureCerts: false, browserName: chrome, browserVersion: 103.0.5060.114, chrome: {chromedriverVersion: 102.0.5005.61 (0e59bcc00cc4..., userDataDir: C:\Users\riley\AppData\Loca...}, goog:chromeOptions: {debuggerAddress: localhost:53741}, javascriptEnabled: true, networkConnectionEnabled: false, pageLoadStrategy: normal, platform: WINDOWS, platformName: WINDOWS, proxy: Proxy(), se:cdp: ws://localhost:53741/devtoo..., se:cdpVersion: 103.0.5060.114, setWindowRect: true, strictFileInteractability: false, timeouts: {implicit: 0, pageLoad: 300000, script: 30000}, unhandledPromptBehavior: dismiss and notify, webauthn:extension:credBlob: true, webauthn:extension:largeBlob: true, webauthn:virtualAuthenticators: true}
Session ID: cf2edd4a26e39300732c75ddd693cdcc
	at org.openqa.selenium.support.ui.WebDriverWait.timeoutException(WebDriverWait.java:138)
	at org.openqa.selenium.support.ui.FluentWait.until(FluentWait.java:231)
	at main.java.Common.clickByXpath(Common.java:38)
	at test.java.Func_05_InGame.InGame_019_FilterEffect(Func_05_InGame.java:176)
	at java.base/java.util.ArrayList.forEach(ArrayList.java:1511)
... Removed 27 stack frames</div></td></tr></table><p class="totop"><a href="#summary">back to summary</a></p>
<h3 id="m14">test.java.Func_05_InGame#InGame_020_Emoji</h3><table class="result"><tr><th>Exception</th></tr><tr><td><div class="stacktrace">org.openqa.selenium.TimeoutException: Expected condition failed: waiting for element to be clickable: By.xpath: /html/body/div[1]/div[1]/div[2]/div[2]/div[2]/div[1] (tried for 10 second(s) with 500 milliseconds interval)
Build info: version: &apos;4.1.2&apos;, revision: &apos;9a5a329c5a&apos;
System info: host: &apos;DESKTOP-IIOPE3V&apos;, ip: &apos;172.17.160.179&apos;, os.name: &apos;Windows 10&apos;, os.arch: &apos;amd64&apos;, os.version: &apos;10.0&apos;, java.version: &apos;17.0.2&apos;
Driver info: org.openqa.selenium.chrome.ChromeDriver
Capabilities {acceptInsecureCerts: false, browserName: chrome, browserVersion: 103.0.5060.114, chrome: {chromedriverVersion: 102.0.5005.61 (0e59bcc00cc4..., userDataDir: C:\Users\riley\AppData\Loca...}, goog:chromeOptions: {debuggerAddress: localhost:53741}, javascriptEnabled: true, networkConnectionEnabled: false, pageLoadStrategy: normal, platform: WINDOWS, platformName: WINDOWS, proxy: Proxy(), se:cdp: ws://localhost:53741/devtoo..., se:cdpVersion: 103.0.5060.114, setWindowRect: true, strictFileInteractability: false, timeouts: {implicit: 0, pageLoad: 300000, script: 30000}, unhandledPromptBehavior: dismiss and notify, webauthn:extension:credBlob: true, webauthn:extension:largeBlob: true, webauthn:virtualAuthenticators: true}
Session ID: cf2edd4a26e39300732c75ddd693cdcc
	at org.openqa.selenium.support.ui.WebDriverWait.timeoutException(WebDriverWait.java:138)
	at org.openqa.selenium.support.ui.FluentWait.until(FluentWait.java:231)
	at main.java.Common.clickByXpath(Common.java:38)
	at test.java.Func_05_InGame.InGame_020_Emoji(Func_05_InGame.java:184)
	at java.base/java.util.ArrayList.forEach(ArrayList.java:1511)
... Removed 27 stack frames</div></td></tr></table><p class="totop"><a href="#summary">back to summary</a></p>
<h3 id="m15">test.java.Func_05_InGame#InGame_021_ShareScreen</h3><table class="result"><tr><th>Exception</th></tr><tr><td><div class="stacktrace">org.openqa.selenium.TimeoutException: Expected condition failed: waiting for element to be clickable: By.xpath: /html/body/div[1]/div[1]/div[2]/div[3]/div[2]/div[1]/div/img (tried for 10 second(s) with 500 milliseconds interval)
Build info: version: &apos;4.1.2&apos;, revision: &apos;9a5a329c5a&apos;
System info: host: &apos;DESKTOP-IIOPE3V&apos;, ip: &apos;172.17.160.179&apos;, os.name: &apos;Windows 10&apos;, os.arch: &apos;amd64&apos;, os.version: &apos;10.0&apos;, java.version: &apos;17.0.2&apos;
Driver info: org.openqa.selenium.chrome.ChromeDriver
Capabilities {acceptInsecureCerts: false, browserName: chrome, browserVersion: 103.0.5060.114, chrome: {chromedriverVersion: 102.0.5005.61 (0e59bcc00cc4..., userDataDir: C:\Users\riley\AppData\Loca...}, goog:chromeOptions: {debuggerAddress: localhost:53741}, javascriptEnabled: true, networkConnectionEnabled: false, pageLoadStrategy: normal, platform: WINDOWS, platformName: WINDOWS, proxy: Proxy(), se:cdp: ws://localhost:53741/devtoo..., se:cdpVersion: 103.0.5060.114, setWindowRect: true, strictFileInteractability: false, timeouts: {implicit: 0, pageLoad: 300000, script: 30000}, unhandledPromptBehavior: dismiss and notify, webauthn:extension:credBlob: true, webauthn:extension:largeBlob: true, webauthn:virtualAuthenticators: true}
Session ID: cf2edd4a26e39300732c75ddd693cdcc
	at org.openqa.selenium.support.ui.WebDriverWait.timeoutException(WebDriverWait.java:138)
	at org.openqa.selenium.support.ui.FluentWait.until(FluentWait.java:231)
	at main.java.Common.clickByXpath(Common.java:38)
	at test.java.Func_05_InGame.InGame_021_ShareScreen(Func_05_InGame.java:197)
	at java.base/java.util.ArrayList.forEach(ArrayList.java:1511)
... Removed 27 stack frames</div></td></tr></table><p class="totop"><a href="#summary">back to summary</a></p>
<h3 id="m16">test.java.Func_05_InGame#InGame_022_OnOff_Mike</h3><table class="result"><tr><th>Exception</th></tr><tr><td><div class="stacktrace">org.openqa.selenium.TimeoutException: Expected condition failed: waiting for element to be clickable: By.xpath: /html/body/div[1]/div[1]/div[2]/div[3]/div[4]/div[2]/div/div (tried for 10 second(s) with 500 milliseconds interval)
Build info: version: &apos;4.1.2&apos;, revision: &apos;9a5a329c5a&apos;
System info: host: &apos;DESKTOP-IIOPE3V&apos;, ip: &apos;172.17.160.179&apos;, os.name: &apos;Windows 10&apos;, os.arch: &apos;amd64&apos;, os.version: &apos;10.0&apos;, java.version: &apos;17.0.2&apos;
Driver info: org.openqa.selenium.chrome.ChromeDriver
Capabilities {acceptInsecureCerts: false, browserName: chrome, browserVersion: 103.0.5060.114, chrome: {chromedriverVersion: 102.0.5005.61 (0e59bcc00cc4..., userDataDir: C:\Users\riley\AppData\Loca...}, goog:chromeOptions: {debuggerAddress: localhost:53741}, javascriptEnabled: true, networkConnectionEnabled: false, pageLoadStrategy: normal, platform: WINDOWS, platformName: WINDOWS, proxy: Proxy(), se:cdp: ws://localhost:53741/devtoo..., se:cdpVersion: 103.0.5060.114, setWindowRect: true, strictFileInteractability: false, timeouts: {implicit: 0, pageLoad: 300000, script: 30000}, unhandledPromptBehavior: dismiss and notify, webauthn:extension:credBlob: true, webauthn:extension:largeBlob: true, webauthn:virtualAuthenticators: true}
Session ID: cf2edd4a26e39300732c75ddd693cdcc
	at org.openqa.selenium.support.ui.WebDriverWait.timeoutException(WebDriverWait.java:138)
	at org.openqa.selenium.support.ui.FluentWait.until(FluentWait.java:231)
	at main.java.Common.clickByXpath(Common.java:38)
	at test.java.Func_05_InGame.InGame_022_OnOff_Mike(Func_05_InGame.java:204)
	at java.base/java.util.ArrayList.forEach(ArrayList.java:1511)
... Removed 27 stack frames</div></td></tr></table><p class="totop"><a href="#summary">back to summary</a></p>
<h3 id="m17">test.java.Func_05_InGame#InGame_023_OnOff_Camera</h3><table class="result"><tr><th>Exception</th></tr><tr><td><div class="stacktrace">org.openqa.selenium.TimeoutException: Expected condition failed: waiting for element to be clickable: By.xpath: /html/body/div[1]/div[1]/div[2]/div[3]/div[5]/div/div/div/img (tried for 10 second(s) with 500 milliseconds interval)
Build info: version: &apos;4.1.2&apos;, revision: &apos;9a5a329c5a&apos;
System info: host: &apos;DESKTOP-IIOPE3V&apos;, ip: &apos;172.17.160.179&apos;, os.name: &apos;Windows 10&apos;, os.arch: &apos;amd64&apos;, os.version: &apos;10.0&apos;, java.version: &apos;17.0.2&apos;
Driver info: org.openqa.selenium.chrome.ChromeDriver
Capabilities {acceptInsecureCerts: false, browserName: chrome, browserVersion: 103.0.5060.114, chrome: {chromedriverVersion: 102.0.5005.61 (0e59bcc00cc4..., userDataDir: C:\Users\riley\AppData\Loca...}, goog:chromeOptions: {debuggerAddress: localhost:53741}, javascriptEnabled: true, networkConnectionEnabled: false, pageLoadStrategy: normal, platform: WINDOWS, platformName: WINDOWS, proxy: Proxy(), se:cdp: ws://localhost:53741/devtoo..., se:cdpVersion: 103.0.5060.114, setWindowRect: true, strictFileInteractability: false, timeouts: {implicit: 0, pageLoad: 300000, script: 30000}, unhandledPromptBehavior: dismiss and notify, webauthn:extension:credBlob: true, webauthn:extension:largeBlob: true, webauthn:virtualAuthenticators: true}
Session ID: cf2edd4a26e39300732c75ddd693cdcc
	at org.openqa.selenium.support.ui.WebDriverWait.timeoutException(WebDriverWait.java:138)
	at org.openqa.selenium.support.ui.FluentWait.until(FluentWait.java:231)
	at main.java.Common.clickByXpath(Common.java:38)
	at test.java.Func_05_InGame.InGame_023_OnOff_Camera(Func_05_InGame.java:217)
	at java.base/java.util.ArrayList.forEach(ArrayList.java:1511)
... Removed 27 stack frames</div></td></tr></table><p class="totop"><a href="#summary">back to summary</a></p>
<h3 id="m18">test.java.Func_06_Setting#Setting_016_ProfileSetting_ReCheck</h3><table class="result"><tr><th>Exception</th></tr><tr><td><div class="stacktrace">org.openqa.selenium.TimeoutException: Expected condition failed: waiting for element to be clickable: By.xpath: /html/body/div[7]/div/div/div[1]/img (tried for 10 second(s) with 500 milliseconds interval)
Build info: version: &apos;4.1.2&apos;, revision: &apos;9a5a329c5a&apos;
System info: host: &apos;DESKTOP-IIOPE3V&apos;, ip: &apos;172.17.160.179&apos;, os.name: &apos;Windows 10&apos;, os.arch: &apos;amd64&apos;, os.version: &apos;10.0&apos;, java.version: &apos;17.0.2&apos;
Driver info: org.openqa.selenium.chrome.ChromeDriver
Capabilities {acceptInsecureCerts: false, browserName: chrome, browserVersion: 103.0.5060.114, chrome: {chromedriverVersion: 102.0.5005.61 (0e59bcc00cc4..., userDataDir: C:\Users\riley\AppData\Loca...}, goog:chromeOptions: {debuggerAddress: localhost:53741}, javascriptEnabled: true, networkConnectionEnabled: false, pageLoadStrategy: normal, platform: WINDOWS, platformName: WINDOWS, proxy: Proxy(), se:cdp: ws://localhost:53741/devtoo..., se:cdpVersion: 103.0.5060.114, setWindowRect: true, strictFileInteractability: false, timeouts: {implicit: 0, pageLoad: 300000, script: 30000}, unhandledPromptBehavior: dismiss and notify, webauthn:extension:credBlob: true, webauthn:extension:largeBlob: true, webauthn:virtualAuthenticators: true}
Session ID: cf2edd4a26e39300732c75ddd693cdcc
	at org.openqa.selenium.support.ui.WebDriverWait.timeoutException(WebDriverWait.java:138)
	at org.openqa.selenium.support.ui.FluentWait.until(FluentWait.java:231)
	at main.java.Common.clickByXpath(Common.java:38)
	at test.java.Func_06_Setting.Setting_016_ProfileSetting_ReCheck(Func_06_Setting.java:174)
	at java.base/java.util.ArrayList.forEach(ArrayList.java:1511)
... Removed 27 stack frames</div></td></tr></table><p class="totop"><a href="#summary">back to summary</a></p>
<h3 id="m19">test.java.Func_07_MakeBlock#MakeBlock_001_Enter</h3><table class="result"><tr><th>Exception</th></tr><tr><td><div class="stacktrace">org.openqa.selenium.ElementClickInterceptedException: element click intercepted: Element &lt;a class=&quot;CreateBlockCard-module__container--2hAJS&quot; href=&quot;/space&quot;&gt;...&lt;/a&gt; is not clickable at point (1392, 778). Other element would receive the click: &lt;div class=&quot;ReactModal__Overlay ReactModal__Overlay--after-open&quot; style=&quot;position: fixed; inset: 0px; background-color: rgba(0, 0, 0, 0.6); z-index: 999999999;&quot;&gt;...&lt;/div&gt;
  (Session info: chrome=103.0.5060.114)
Build info: version: &apos;4.1.2&apos;, revision: &apos;9a5a329c5a&apos;
System info: host: &apos;DESKTOP-IIOPE3V&apos;, ip: &apos;172.17.160.179&apos;, os.name: &apos;Windows 10&apos;, os.arch: &apos;amd64&apos;, os.version: &apos;10.0&apos;, java.version: &apos;17.0.2&apos;
Driver info: org.openqa.selenium.chrome.ChromeDriver
Command: [cf2edd4a26e39300732c75ddd693cdcc, clickElement {id=21db90c6-13c2-4e70-99f0-5ac9af3416ea}]
Capabilities {acceptInsecureCerts: false, browserName: chrome, browserVersion: 103.0.5060.114, chrome: {chromedriverVersion: 102.0.5005.61 (0e59bcc00cc4..., userDataDir: C:\Users\riley\AppData\Loca...}, goog:chromeOptions: {debuggerAddress: localhost:53741}, javascriptEnabled: true, networkConnectionEnabled: false, pageLoadStrategy: normal, platform: WINDOWS, platformName: WINDOWS, proxy: Proxy(), se:cdp: ws://localhost:53741/devtoo..., se:cdpVersion: 103.0.5060.114, setWindowRect: true, strictFileInteractability: false, timeouts: {implicit: 0, pageLoad: 300000, script: 30000}, unhandledPromptBehavior: dismiss and notify, webauthn:extension:credBlob: true, webauthn:extension:largeBlob: true, webauthn:virtualAuthenticators: true}
Element: [[ChromeDriver: chrome on WINDOWS (cf2edd4a26e39300732c75ddd693cdcc)] -&gt; link text: 블록 만들기]
Session ID: cf2edd4a26e39300732c75ddd693cdcc
	at org.openqa.selenium.remote.codec.w3c.W3CHttpResponseCodec.createException(W3CHttpResponseCodec.java:200)
	at org.openqa.selenium.remote.codec.w3c.W3CHttpResponseCodec.decode(W3CHttpResponseCodec.java:133)
	at org.openqa.selenium.remote.codec.w3c.W3CHttpResponseCodec.decode(W3CHttpResponseCodec.java:53)
	at org.openqa.selenium.remote.HttpCommandExecutor.execute(HttpCommandExecutor.java:184)
	at org.openqa.selenium.remote.service.DriverCommandExecutor.invokeExecute(DriverCommandExecutor.java:167)
	at org.openqa.selenium.remote.service.DriverCommandExecutor.execute(DriverCommandExecutor.java:142)
	at org.openqa.selenium.remote.RemoteWebDriver.execute(RemoteWebDriver.java:558)
	at org.openqa.selenium.remote.RemoteWebElement.execute(RemoteWebElement.java:251)
	at org.openqa.selenium.remote.RemoteWebElement.click(RemoteWebElement.java:77)
	at main.java.Common.clickByLinktext(Common.java:79)
	at test.java.Func_07_MakeBlock.MakeBlock_001_Enter(Func_07_MakeBlock.java:31)
	at java.base/java.util.ArrayList.forEach(ArrayList.java:1511)
... Removed 32 stack frames</div></td></tr></table><p class="totop"><a href="#summary">back to summary</a></p>
<h3 id="m20">test.java.Func_07_MakeBlock#MakeBlock_002_Preset</h3><table class="result"><tr><th>Exception</th></tr><tr><td><div class="stacktrace">org.openqa.selenium.NoSuchElementException: no such element: Unable to locate element: {&quot;method&quot;:&quot;xpath&quot;,&quot;selector&quot;:&quot;//*[contains(text(), &apos;#대규모컨퍼런스홀&apos;)]&quot;}
  (Session info: chrome=103.0.5060.114)
For documentation on this error, please visit: https://selenium.dev/exceptions/#no_such_element
Build info: version: &apos;4.1.2&apos;, revision: &apos;9a5a329c5a&apos;
System info: host: &apos;DESKTOP-IIOPE3V&apos;, ip: &apos;172.17.160.179&apos;, os.name: &apos;Windows 10&apos;, os.arch: &apos;amd64&apos;, os.version: &apos;10.0&apos;, java.version: &apos;17.0.2&apos;
Driver info: org.openqa.selenium.chrome.ChromeDriver
Command: [cf2edd4a26e39300732c75ddd693cdcc, findElement {using=xpath, value=//*[contains(text(), &apos;#대규모컨퍼런스홀&apos;)]}]
Capabilities {acceptInsecureCerts: false, browserName: chrome, browserVersion: 103.0.5060.114, chrome: {chromedriverVersion: 102.0.5005.61 (0e59bcc00cc4..., userDataDir: C:\Users\riley\AppData\Loca...}, goog:chromeOptions: {debuggerAddress: localhost:53741}, javascriptEnabled: true, networkConnectionEnabled: false, pageLoadStrategy: normal, platform: WINDOWS, platformName: WINDOWS, proxy: Proxy(), se:cdp: ws://localhost:53741/devtoo..., se:cdpVersion: 103.0.5060.114, setWindowRect: true, strictFileInteractability: false, timeouts: {implicit: 0, pageLoad: 300000, script: 30000}, unhandledPromptBehavior: dismiss and notify, webauthn:extension:credBlob: true, webauthn:extension:largeBlob: true, webauthn:virtualAuthenticators: true}
Session ID: cf2edd4a26e39300732c75ddd693cdcc
	at org.openqa.selenium.remote.codec.w3c.W3CHttpResponseCodec.createException(W3CHttpResponseCodec.java:200)
	at org.openqa.selenium.remote.codec.w3c.W3CHttpResponseCodec.decode(W3CHttpResponseCodec.java:133)
	at org.openqa.selenium.remote.codec.w3c.W3CHttpResponseCodec.decode(W3CHttpResponseCodec.java:53)
	at org.openqa.selenium.remote.HttpCommandExecutor.execute(HttpCommandExecutor.java:184)
	at org.openqa.selenium.remote.service.DriverCommandExecutor.invokeExecute(DriverCommandExecutor.java:167)
	at org.openqa.selenium.remote.service.DriverCommandExecutor.execute(DriverCommandExecutor.java:142)
	at org.openqa.selenium.remote.RemoteWebDriver.execute(RemoteWebDriver.java:558)
	at org.openqa.selenium.remote.ElementLocation$ElementFinder$2.findElement(ElementLocation.java:162)
	at org.openqa.selenium.remote.ElementLocation.findElement(ElementLocation.java:60)
	at org.openqa.selenium.remote.RemoteWebDriver.findElement(RemoteWebDriver.java:382)
	at org.openqa.selenium.remote.RemoteWebDriver.findElement(RemoteWebDriver.java:374)
	at main.java.Common.clickByText(Common.java:31)
	at test.java.Func_07_MakeBlock.MakeBlock_002_Preset(Func_07_MakeBlock.java:38)
	at java.base/java.util.ArrayList.forEach(ArrayList.java:1511)
... Removed 31 stack frames</div></td></tr></table><p class="totop"><a href="#summary">back to summary</a></p>
<h3 id="m21">test.java.Func_08_OwnBlock_Setting#OBSetting_004_Change_Thumbnail</h3><table class="result"><tr><th>Exception</th></tr><tr><td><div class="stacktrace">org.openqa.selenium.TimeoutException: Expected condition failed: waiting for element to be clickable: By.xpath: /html/body/div[7]/div/div/div[3]/div/div[1]/div[1]/div[3]/div[2]/div/label/div[1]/img (tried for 10 second(s) with 500 milliseconds interval)
Build info: version: &apos;4.1.2&apos;, revision: &apos;9a5a329c5a&apos;
System info: host: &apos;DESKTOP-IIOPE3V&apos;, ip: &apos;172.17.160.179&apos;, os.name: &apos;Windows 10&apos;, os.arch: &apos;amd64&apos;, os.version: &apos;10.0&apos;, java.version: &apos;17.0.2&apos;
Driver info: org.openqa.selenium.chrome.ChromeDriver
Capabilities {acceptInsecureCerts: false, browserName: chrome, browserVersion: 103.0.5060.114, chrome: {chromedriverVersion: 102.0.5005.61 (0e59bcc00cc4..., userDataDir: C:\Users\riley\AppData\Loca...}, goog:chromeOptions: {debuggerAddress: localhost:53741}, javascriptEnabled: true, networkConnectionEnabled: false, pageLoadStrategy: normal, platform: WINDOWS, platformName: WINDOWS, proxy: Proxy(), se:cdp: ws://localhost:53741/devtoo..., se:cdpVersion: 103.0.5060.114, setWindowRect: true, strictFileInteractability: false, timeouts: {implicit: 0, pageLoad: 300000, script: 30000}, unhandledPromptBehavior: dismiss and notify, webauthn:extension:credBlob: true, webauthn:extension:largeBlob: true, webauthn:virtualAuthenticators: true}
Session ID: cf2edd4a26e39300732c75ddd693cdcc
	at org.openqa.selenium.support.ui.WebDriverWait.timeoutException(WebDriverWait.java:138)
	at org.openqa.selenium.support.ui.FluentWait.until(FluentWait.java:231)
	at main.java.Common.Assert_ExistByXpath(Common.java:134)
	at test.java.Func_08_OwnBlock_Setting.OBSetting_004_Change_Thumbnail(Func_08_OwnBlock_Setting.java:56)
	at java.base/java.util.ArrayList.forEach(ArrayList.java:1511)
... Removed 27 stack frames</div></td></tr></table><p class="totop"><a href="#summary">back to summary</a></p>
<h3 id="m22">test.java.Func_08_OwnBlock_Setting#OBSetting_005_PW_OnOff</h3><table class="result"><tr><th>Exception</th></tr><tr><td><div class="stacktrace">org.openqa.selenium.TimeoutException: Expected condition failed: waiting for element to be clickable: By.xpath: /html/body/div[7]/div/div/div[3]/div/div[1]/div[2]/div[1]/div[1]/label (tried for 10 second(s) with 500 milliseconds interval)
Build info: version: &apos;4.1.2&apos;, revision: &apos;9a5a329c5a&apos;
System info: host: &apos;DESKTOP-IIOPE3V&apos;, ip: &apos;172.17.160.179&apos;, os.name: &apos;Windows 10&apos;, os.arch: &apos;amd64&apos;, os.version: &apos;10.0&apos;, java.version: &apos;17.0.2&apos;
Driver info: org.openqa.selenium.chrome.ChromeDriver
Capabilities {acceptInsecureCerts: false, browserName: chrome, browserVersion: 103.0.5060.114, chrome: {chromedriverVersion: 102.0.5005.61 (0e59bcc00cc4..., userDataDir: C:\Users\riley\AppData\Loca...}, goog:chromeOptions: {debuggerAddress: localhost:53741}, javascriptEnabled: true, networkConnectionEnabled: false, pageLoadStrategy: normal, platform: WINDOWS, platformName: WINDOWS, proxy: Proxy(), se:cdp: ws://localhost:53741/devtoo..., se:cdpVersion: 103.0.5060.114, setWindowRect: true, strictFileInteractability: false, timeouts: {implicit: 0, pageLoad: 300000, script: 30000}, unhandledPromptBehavior: dismiss and notify, webauthn:extension:credBlob: true, webauthn:extension:largeBlob: true, webauthn:virtualAuthenticators: true}
Session ID: cf2edd4a26e39300732c75ddd693cdcc
	at org.openqa.selenium.support.ui.WebDriverWait.timeoutException(WebDriverWait.java:138)
	at org.openqa.selenium.support.ui.FluentWait.until(FluentWait.java:231)
	at main.java.Common.clickByXpath(Common.java:38)
	at test.java.Func_08_OwnBlock_Setting.OBSetting_005_PW_OnOff(Func_08_OwnBlock_Setting.java:66)
	at java.base/java.util.ArrayList.forEach(ArrayList.java:1511)
... Removed 27 stack frames</div></td></tr></table><p class="totop"><a href="#summary">back to summary</a></p>
<h3 id="m23">test.java.Func_08_OwnBlock_Setting#OBSetting_006_Hide_OnOff</h3><table class="result"><tr><th>Exception</th></tr><tr><td><div class="stacktrace">org.openqa.selenium.TimeoutException: Expected condition failed: waiting for element to be clickable: By.xpath: /html/body/div[7]/div/div/div[3]/div/div[1]/div[2]/div[2]/div[1]/label (tried for 10 second(s) with 500 milliseconds interval)
Build info: version: &apos;4.1.2&apos;, revision: &apos;9a5a329c5a&apos;
System info: host: &apos;DESKTOP-IIOPE3V&apos;, ip: &apos;172.17.160.179&apos;, os.name: &apos;Windows 10&apos;, os.arch: &apos;amd64&apos;, os.version: &apos;10.0&apos;, java.version: &apos;17.0.2&apos;
Driver info: org.openqa.selenium.chrome.ChromeDriver
Capabilities {acceptInsecureCerts: false, browserName: chrome, browserVersion: 103.0.5060.114, chrome: {chromedriverVersion: 102.0.5005.61 (0e59bcc00cc4..., userDataDir: C:\Users\riley\AppData\Loca...}, goog:chromeOptions: {debuggerAddress: localhost:53741}, javascriptEnabled: true, networkConnectionEnabled: false, pageLoadStrategy: normal, platform: WINDOWS, platformName: WINDOWS, proxy: Proxy(), se:cdp: ws://localhost:53741/devtoo..., se:cdpVersion: 103.0.5060.114, setWindowRect: true, strictFileInteractability: false, timeouts: {implicit: 0, pageLoad: 300000, script: 30000}, unhandledPromptBehavior: dismiss and notify, webauthn:extension:credBlob: true, webauthn:extension:largeBlob: true, webauthn:virtualAuthenticators: true}
Session ID: cf2edd4a26e39300732c75ddd693cdcc
	at org.openqa.selenium.support.ui.WebDriverWait.timeoutException(WebDriverWait.java:138)
	at org.openqa.selenium.support.ui.FluentWait.until(FluentWait.java:231)
	at main.java.Common.clickByXpath(Common.java:38)
	at test.java.Func_08_OwnBlock_Setting.OBSetting_006_Hide_OnOff(Func_08_OwnBlock_Setting.java:75)
	at java.base/java.util.ArrayList.forEach(ArrayList.java:1511)
... Removed 27 stack frames</div></td></tr></table><p class="totop"><a href="#summary">back to summary</a></p>
<h3 id="m24">test.java.Func_08_OwnBlock_Setting#OBSetting_007_Save</h3><table class="result"><tr><th>Exception</th></tr><tr><td><div class="stacktrace">org.openqa.selenium.NoSuchElementException: no such element: Unable to locate element: {&quot;method&quot;:&quot;xpath&quot;,&quot;selector&quot;:&quot;//*[contains(text(), &apos; 변경사항 저장&apos;)]&quot;}
  (Session info: chrome=103.0.5060.114)
For documentation on this error, please visit: https://selenium.dev/exceptions/#no_such_element
Build info: version: &apos;4.1.2&apos;, revision: &apos;9a5a329c5a&apos;
System info: host: &apos;DESKTOP-IIOPE3V&apos;, ip: &apos;172.17.160.179&apos;, os.name: &apos;Windows 10&apos;, os.arch: &apos;amd64&apos;, os.version: &apos;10.0&apos;, java.version: &apos;17.0.2&apos;
Driver info: org.openqa.selenium.chrome.ChromeDriver
Command: [cf2edd4a26e39300732c75ddd693cdcc, findElement {using=xpath, value=//*[contains(text(), &apos; 변경사항 저장&apos;)]}]
Capabilities {acceptInsecureCerts: false, browserName: chrome, browserVersion: 103.0.5060.114, chrome: {chromedriverVersion: 102.0.5005.61 (0e59bcc00cc4..., userDataDir: C:\Users\riley\AppData\Loca...}, goog:chromeOptions: {debuggerAddress: localhost:53741}, javascriptEnabled: true, networkConnectionEnabled: false, pageLoadStrategy: normal, platform: WINDOWS, platformName: WINDOWS, proxy: Proxy(), se:cdp: ws://localhost:53741/devtoo..., se:cdpVersion: 103.0.5060.114, setWindowRect: true, strictFileInteractability: false, timeouts: {implicit: 0, pageLoad: 300000, script: 30000}, unhandledPromptBehavior: dismiss and notify, webauthn:extension:credBlob: true, webauthn:extension:largeBlob: true, webauthn:virtualAuthenticators: true}
Session ID: cf2edd4a26e39300732c75ddd693cdcc
	at org.openqa.selenium.remote.codec.w3c.W3CHttpResponseCodec.createException(W3CHttpResponseCodec.java:200)
	at org.openqa.selenium.remote.codec.w3c.W3CHttpResponseCodec.decode(W3CHttpResponseCodec.java:133)
	at org.openqa.selenium.remote.codec.w3c.W3CHttpResponseCodec.decode(W3CHttpResponseCodec.java:53)
	at org.openqa.selenium.remote.HttpCommandExecutor.execute(HttpCommandExecutor.java:184)
	at org.openqa.selenium.remote.service.DriverCommandExecutor.invokeExecute(DriverCommandExecutor.java:167)
	at org.openqa.selenium.remote.service.DriverCommandExecutor.execute(DriverCommandExecutor.java:142)
	at org.openqa.selenium.remote.RemoteWebDriver.execute(RemoteWebDriver.java:558)
	at org.openqa.selenium.remote.ElementLocation$ElementFinder$2.findElement(ElementLocation.java:162)
	at org.openqa.selenium.remote.ElementLocation.findElement(ElementLocation.java:60)
	at org.openqa.selenium.remote.RemoteWebDriver.findElement(RemoteWebDriver.java:382)
	at org.openqa.selenium.remote.RemoteWebDriver.findElement(RemoteWebDriver.java:374)
	at main.java.Common.clickByText(Common.java:31)
	at test.java.Func_08_OwnBlock_Setting.OBSetting_007_Save(Func_08_OwnBlock_Setting.java:83)
	at java.base/java.util.ArrayList.forEach(ArrayList.java:1511)
... Removed 31 stack frames</div></td></tr></table><p class="totop"><a href="#summary">back to summary</a></p>
<h3 id="m25">test.java.Func_08_OwnBlock_Setting#OBSetting_008_Close</h3><table class="result"><tr><th>Exception</th></tr><tr><td><div class="stacktrace">org.openqa.selenium.TimeoutException: Expected condition failed: waiting for element to be clickable: By.xpath: /html/body/div[1]/div[1]/div[2]/div[1]/div[1]/div[2]/div/img (tried for 10 second(s) with 500 milliseconds interval)
Build info: version: &apos;4.1.2&apos;, revision: &apos;9a5a329c5a&apos;
System info: host: &apos;DESKTOP-IIOPE3V&apos;, ip: &apos;172.17.160.179&apos;, os.name: &apos;Windows 10&apos;, os.arch: &apos;amd64&apos;, os.version: &apos;10.0&apos;, java.version: &apos;17.0.2&apos;
Driver info: org.openqa.selenium.chrome.ChromeDriver
Capabilities {acceptInsecureCerts: false, browserName: chrome, browserVersion: 103.0.5060.114, chrome: {chromedriverVersion: 102.0.5005.61 (0e59bcc00cc4..., userDataDir: C:\Users\riley\AppData\Loca...}, goog:chromeOptions: {debuggerAddress: localhost:53741}, javascriptEnabled: true, networkConnectionEnabled: false, pageLoadStrategy: normal, platform: WINDOWS, platformName: WINDOWS, proxy: Proxy(), se:cdp: ws://localhost:53741/devtoo..., se:cdpVersion: 103.0.5060.114, setWindowRect: true, strictFileInteractability: false, timeouts: {implicit: 0, pageLoad: 300000, script: 30000}, unhandledPromptBehavior: dismiss and notify, webauthn:extension:credBlob: true, webauthn:extension:largeBlob: true, webauthn:virtualAuthenticators: true}
Session ID: cf2edd4a26e39300732c75ddd693cdcc
	at org.openqa.selenium.support.ui.WebDriverWait.timeoutException(WebDriverWait.java:138)
	at org.openqa.selenium.support.ui.FluentWait.until(FluentWait.java:231)
	at main.java.Common.clickByXpath(Common.java:38)
	at test.java.Func_08_OwnBlock_Setting.OBSetting_008_Close(Func_08_OwnBlock_Setting.java:92)
	at java.base/java.util.ArrayList.forEach(ArrayList.java:1511)
... Removed 27 stack frames</div></td></tr></table><p class="totop"><a href="#summary">back to summary</a></p>
<h3 id="m26">test.java.JoinAccount#Join_006_Nickname_Duplicate</h3><table class="result"><tr><th>Exception</th></tr><tr><td><div class="stacktrace">org.openqa.selenium.TimeoutException: Expected condition failed: waiting for element to be clickable: By.xpath: //*[contains(text(), &apos;중복된 닉네임입니다.&apos;)] (tried for 10 second(s) with 500 milliseconds interval)
Build info: version: &apos;4.1.2&apos;, revision: &apos;9a5a329c5a&apos;
System info: host: &apos;DESKTOP-IIOPE3V&apos;, ip: &apos;172.17.160.179&apos;, os.name: &apos;Windows 10&apos;, os.arch: &apos;amd64&apos;, os.version: &apos;10.0&apos;, java.version: &apos;17.0.2&apos;
Driver info: org.openqa.selenium.chrome.ChromeDriver
Capabilities {acceptInsecureCerts: false, browserName: chrome, browserVersion: 103.0.5060.114, chrome: {chromedriverVersion: 102.0.5005.61 (0e59bcc00cc4..., userDataDir: C:\Users\riley\AppData\Loca...}, goog:chromeOptions: {debuggerAddress: localhost:53741}, javascriptEnabled: true, networkConnectionEnabled: false, pageLoadStrategy: normal, platform: WINDOWS, platformName: WINDOWS, proxy: Proxy(), se:cdp: ws://localhost:53741/devtoo..., se:cdpVersion: 103.0.5060.114, setWindowRect: true, strictFileInteractability: false, timeouts: {implicit: 0, pageLoad: 300000, script: 30000}, unhandledPromptBehavior: dismiss and notify, webauthn:extension:credBlob: true, webauthn:extension:largeBlob: true, webauthn:virtualAuthenticators: true}
Session ID: cf2edd4a26e39300732c75ddd693cdcc
	at org.openqa.selenium.support.ui.WebDriverWait.timeoutException(WebDriverWait.java:138)
	at org.openqa.selenium.support.ui.FluentWait.until(FluentWait.java:231)
	at main.java.Common.Assert_ExistByText(Common.java:119)
	at test.java.JoinAccount.Join_006_Nickname_Duplicate(JoinAccount.java:86)
	at java.base/java.util.ArrayList.forEach(ArrayList.java:1511)
... Removed 27 stack frames</div></td></tr></table><p class="totop"><a href="#summary">back to summary</a></p>
<h3 id="m27">test.java.DeleteAccount#scenario_01_facebookLogin</h3><table class="result"><tr><th class="invisible"/></tr></table><p class="totop"><a href="#summary">back to summary</a></p>
<h3 id="m28">test.java.DeleteAccount#scenario_02_deleteAccount</h3><table class="result"><tr><th class="invisible"/></tr></table><p class="totop"><a href="#summary">back to summary</a></p>
<h3 id="m29">test.java.Func_01_Home_Gnb#Home_001_Gnb_About</h3><table class="result"><tr><th class="invisible"/></tr></table><p class="totop"><a href="#summary">back to summary</a></p>
<h3 id="m30">test.java.Func_01_Home_Gnb#Home_002_Gnb_About_Start</h3><table class="result"><tr><th class="invisible"/></tr></table><p class="totop"><a href="#summary">back to summary</a></p>
<h3 id="m31">test.java.Func_01_Home_Gnb#Home_003_Gnb_MainLogo</h3><table class="result"><tr><th class="invisible"/></tr></table><p class="totop"><a href="#summary">back to summary</a></p>
<h3 id="m32">test.java.Func_01_Home_Gnb#Home_004_Gnb_CustormerCenter</h3><table class="result"><tr><th class="invisible"/></tr></table><p class="totop"><a href="#summary">back to summary</a></p>
<h3 id="m33">test.java.Func_01_Home_Gnb#Home_005_Gnb_Start</h3><table class="result"><tr><th class="invisible"/></tr></table><p class="totop"><a href="#summary">back to summary</a></p>
<h3 id="m34">test.java.Func_01_Home_Gnb#Home_006_Gnb_MyMenu</h3><table class="result"><tr><th class="invisible"/></tr></table><p class="totop"><a href="#summary">back to summary</a></p>
<h3 id="m35">test.java.Func_01_Home_Gnb#Home_007_Gnb_MyMenu_MyBlock</h3><table class="result"><tr><th class="invisible"/></tr></table><p class="totop"><a href="#summary">back to summary</a></p>
<h3 id="m36">test.java.Func_01_Home_Gnb#Home_008_Gnb_MyMenu_OwnBlock</h3><table class="result"><tr><th class="invisible"/></tr></table><p class="totop"><a href="#summary">back to summary</a></p>
<h3 id="m37">test.java.Func_01_Home_Gnb#Home_010_Gnb_MyMenu_Character</h3><table class="result"><tr><th class="invisible"/></tr></table><p class="totop"><a href="#summary">back to summary</a></p>
<h3 id="m38">test.java.Func_02_Home_Middle#Home_001_Middle_Banner_Logout</h3><table class="result"><tr><th class="invisible"/></tr></table><p class="totop"><a href="#summary">back to summary</a></p>
<h3 id="m39">test.java.Func_02_Home_Middle#Home_002_Middle_Banner_Top</h3><table class="result"><tr><th class="invisible"/></tr></table><p class="totop"><a href="#summary">back to summary</a></p>
<h3 id="m40">test.java.Func_02_Home_Middle#Home_003_Middle_OwnBlock_Info</h3><table class="result"><tr><th class="invisible"/></tr></table><p class="totop"><a href="#summary">back to summary</a></p>
<h3 id="m41">test.java.Func_02_Home_Middle#Home_004_Middle_MyBlock_Star</h3><table class="result"><tr><th class="invisible"/></tr></table><p class="totop"><a href="#summary">back to summary</a></p>
<h3 id="m42">test.java.Func_02_Home_Middle#Home_005_Middle_MyBlock_Enter</h3><table class="result"><tr><th class="invisible"/></tr></table><p class="totop"><a href="#summary">back to summary</a></p>
<h3 id="m43">test.java.Func_02_Home_Middle#Home_006_Middle_Make_Block</h3><table class="result"><tr><th class="invisible"/></tr></table><p class="totop"><a href="#summary">back to summary</a></p>
<h3 id="m44">test.java.Func_02_Home_Middle#Home_007_Middle_Join_Block</h3><table class="result"><tr><th class="invisible"/></tr></table><p class="totop"><a href="#summary">back to summary</a></p>
<h3 id="m45">test.java.Func_03_Character_Customization#Character_005_Bottom</h3><table class="result"><tr><th class="invisible"/></tr></table><p class="totop"><a href="#summary">back to summary</a></p>
<h3 id="m46">test.java.Func_03_Character_Customization#Character_006_Bag</h3><table class="result"><tr><th class="invisible"/></tr></table><p class="totop"><a href="#summary">back to summary</a></p>
<h3 id="m47">test.java.Func_03_Character_Customization#Character_007_Cap</h3><table class="result"><tr><th class="invisible"/></tr></table><p class="totop"><a href="#summary">back to summary</a></p>
<h3 id="m48">test.java.Func_03_Character_Customization#Character_008_Shose</h3><table class="result"><tr><th class="invisible"/></tr></table><p class="totop"><a href="#summary">back to summary</a></p>
<h3 id="m49">test.java.Func_03_Character_Customization#Character_009_Socks</h3><table class="result"><tr><th class="invisible"/></tr></table><p class="totop"><a href="#summary">back to summary</a></p>
<h3 id="m50">test.java.Func_03_Character_Customization#Character_010_Accessories</h3><table class="result"><tr><th class="invisible"/></tr></table><p class="totop"><a href="#summary">back to summary</a></p>
<h3 id="m51">test.java.Func_03_Character_Customization#Character_011_Save</h3><table class="result"><tr><th class="invisible"/></tr></table><p class="totop"><a href="#summary">back to summary</a></p>
<h3 id="m52">test.java.Func_04_Home_Footer#Home_001_Footer_MailTo</h3><table class="result"><tr><th class="invisible"/></tr></table><p class="totop"><a href="#summary">back to summary</a></p>
<h3 id="m53">test.java.Func_04_Home_Footer#Home_002_Footer_Term</h3><table class="result"><tr><th class="invisible"/></tr></table><p class="totop"><a href="#summary">back to summary</a></p>
<h3 id="m54">test.java.Func_04_Home_Footer#Home_003_Footer_Privacy</h3><table class="result"><tr><th class="invisible"/></tr></table><p class="totop"><a href="#summary">back to summary</a></p>
<h3 id="m55">test.java.Func_04_Home_Footer#Home_004_Footer_Address</h3><table class="result"><tr><th class="invisible"/></tr></table><p class="totop"><a href="#summary">back to summary</a></p>
<h3 id="m56">test.java.Func_05_InGame#InGame_001_HomeBtn</h3><table class="result"><tr><th class="invisible"/></tr></table><p class="totop"><a href="#summary">back to summary</a></p>
<h3 id="m57">test.java.Func_05_InGame#InGame_002_MyMenu_Character</h3><table class="result"><tr><th class="invisible"/></tr></table><p class="totop"><a href="#summary">back to summary</a></p>
<h3 id="m58">test.java.Func_05_InGame#InGame_007_ZoomOut</h3><table class="result"><tr><th class="invisible"/></tr></table><p class="totop"><a href="#summary">back to summary</a></p>
<h3 id="m59">test.java.Func_05_InGame#InGame_008_ZoomIn</h3><table class="result"><tr><th class="invisible"/></tr></table><p class="totop"><a href="#summary">back to summary</a></p>
<h3 id="m60">test.java.Func_05_InGame#InGame_009_User</h3><table class="result"><tr><th class="invisible"/></tr></table><p class="totop"><a href="#summary">back to summary</a></p>
<h3 id="m61">test.java.Func_05_InGame#InGame_010_MenuBtn</h3><table class="result"><tr><th class="invisible"/></tr></table><p class="totop"><a href="#summary">back to summary</a></p>
<h3 id="m62">test.java.Func_05_InGame#InGame_011_SearchNickname</h3><table class="result"><tr><th class="invisible"/></tr></table><p class="totop"><a href="#summary">back to summary</a></p>
<h3 id="m63">test.java.Func_05_InGame#InGame_012_CloseMenu</h3><table class="result"><tr><th class="invisible"/></tr></table><p class="totop"><a href="#summary">back to summary</a></p>
<h3 id="m64">test.java.Func_05_InGame#InGame_013_Open_Minimap</h3><table class="result"><tr><th class="invisible"/></tr></table><p class="totop"><a href="#summary">back to summary</a></p>
<h3 id="m65">test.java.Func_05_InGame#InGame_014_Close_Minimap</h3><table class="result"><tr><th class="invisible"/></tr></table><p class="totop"><a href="#summary">back to summary</a></p>
<h3 id="m66">test.java.Func_05_InGame#InGame_015_Open_Notice</h3><table class="result"><tr><th class="invisible"/></tr></table><p class="totop"><a href="#summary">back to summary</a></p>
<h3 id="m67">test.java.Func_05_InGame#InGame_016_Close_Notice</h3><table class="result"><tr><th class="invisible"/></tr></table><p class="totop"><a href="#summary">back to summary</a></p>
<h3 id="m68">test.java.Func_05_InGame#InGame_017_AllChatting</h3><table class="result"><tr><th class="invisible"/></tr></table><p class="totop"><a href="#summary">back to summary</a></p>
<h3 id="m69">test.java.Func_05_InGame#InGame_018_OnOff_Chatting</h3><table class="result"><tr><th class="invisible"/></tr></table><p class="totop"><a href="#summary">back to summary</a></p>
<h3 id="m70">test.java.Func_06_Setting#Setting_001_MyMenu_MediaSetting</h3><table class="result"><tr><th class="invisible"/></tr></table><p class="totop"><a href="#summary">back to summary</a></p>
<h3 id="m71">test.java.Func_06_Setting#Setting_002_MediaSetting_OnOffMike</h3><table class="result"><tr><th class="invisible"/></tr></table><p class="totop"><a href="#summary">back to summary</a></p>
<h3 id="m72">test.java.Func_06_Setting#Setting_003_MediaSetting_OnOffCamera</h3><table class="result"><tr><th class="invisible"/></tr></table><p class="totop"><a href="#summary">back to summary</a></p>
<h3 id="m73">test.java.Func_06_Setting#Setting_004_MediaSetting_Filter</h3><table class="result"><tr><th class="invisible"/></tr></table><p class="totop"><a href="#summary">back to summary</a></p>
<h3 id="m74">test.java.Func_06_Setting#Setting_005_MediaSetting_BG</h3><table class="result"><tr><th class="invisible"/></tr></table><p class="totop"><a href="#summary">back to summary</a></p>
<h3 id="m75">test.java.Func_06_Setting#Setting_006_MediaSetting_Save</h3><table class="result"><tr><th class="invisible"/></tr></table><p class="totop"><a href="#summary">back to summary</a></p>
<h3 id="m76">test.java.Func_06_Setting#Setting_007_ProfileSetting</h3><table class="result"><tr><th class="invisible"/></tr></table><p class="totop"><a href="#summary">back to summary</a></p>
<h3 id="m77">test.java.Func_06_Setting#Setting_008_ProfileSetting_Nick_Guide</h3><table class="result"><tr><th class="invisible"/></tr></table><p class="totop"><a href="#summary">back to summary</a></p>
<h3 id="m78">test.java.Func_06_Setting#Setting_009_ProfileSetting_Nick_Xbtn</h3><table class="result"><tr><th class="invisible"/></tr></table><p class="totop"><a href="#summary">back to summary</a></p>
<h3 id="m79">test.java.Func_06_Setting#Setting_010_ProfileSetting_Nick_1Text20</h3><table class="result"><tr><th class="invisible"/></tr></table><p class="totop"><a href="#summary">back to summary</a></p>
<h3 id="m80">test.java.Func_06_Setting#Setting_011_ProfileSetting_Nick_NotText</h3><table class="result"><tr><th class="invisible"/></tr></table><p class="totop"><a href="#summary">back to summary</a></p>
<h3 id="m81">test.java.Func_06_Setting#Setting_012_ProfileSetting_Nick_Duplicate</h3><table class="result"><tr><th class="invisible"/></tr></table><p class="totop"><a href="#summary">back to summary</a></p>
<h3 id="m82">test.java.Func_06_Setting#Setting_013_ProfileSetting_Nick_Clear</h3><table class="result"><tr><th class="invisible"/></tr></table><p class="totop"><a href="#summary">back to summary</a></p>
<h3 id="m83">test.java.Func_06_Setting#Setting_014_ProfileSetting_Nick_Normal</h3><table class="result"><tr><th class="invisible"/></tr></table><p class="totop"><a href="#summary">back to summary</a></p>
<h3 id="m84">test.java.Func_06_Setting#Setting_015_ProfileSetting_ADagree</h3><table class="result"><tr><th class="invisible"/></tr></table><p class="totop"><a href="#summary">back to summary</a></p>
<h3 id="m85">test.java.Func_07_MakeBlock#MakeBlock_003_Preset_Check</h3><table class="result"><tr><th class="invisible"/></tr></table><p class="totop"><a href="#summary">back to summary</a></p>
<h3 id="m86">test.java.Func_07_MakeBlock#MakeBlock_004_Preset_CheckBtn</h3><table class="result"><tr><th class="invisible"/></tr></table><p class="totop"><a href="#summary">back to summary</a></p>
<h3 id="m87">test.java.Func_07_MakeBlock#MakeBlock_005_Preset_InputName</h3><table class="result"><tr><th class="invisible"/></tr></table><p class="totop"><a href="#summary">back to summary</a></p>
<h3 id="m88">test.java.Func_07_MakeBlock#MakeBlock_006_Preset_Make</h3><table class="result"><tr><th class="invisible"/></tr></table><p class="totop"><a href="#summary">back to summary</a></p>
<h3 id="m89">test.java.Func_08_OwnBlock_Setting#OBSetting_001_Enter</h3><table class="result"><tr><th class="invisible"/></tr></table><p class="totop"><a href="#summary">back to summary</a></p>
<h3 id="m90">test.java.Func_08_OwnBlock_Setting#OBSetting_002_Change_BlockName</h3><table class="result"><tr><th class="invisible"/></tr></table><p class="totop"><a href="#summary">back to summary</a></p>
<h3 id="m91">test.java.Func_08_OwnBlock_Setting#OBSetting_003_Change_Notice</h3><table class="result"><tr><th class="invisible"/></tr></table><p class="totop"><a href="#summary">back to summary</a></p>
<h3 id="m92">test.java.JoinAccount#Join_001_Login_Facebook</h3><table class="result"><tr><th class="invisible"/></tr></table><p class="totop"><a href="#summary">back to summary</a></p>
<h3 id="m93">test.java.JoinAccount#Join_002_Nickname_Placeholder</h3><table class="result"><tr><th class="invisible"/></tr></table><p class="totop"><a href="#summary">back to summary</a></p>
<h3 id="m94">test.java.JoinAccount#Join_003_Nickname_GuideText</h3><table class="result"><tr><th class="invisible"/></tr></table><p class="totop"><a href="#summary">back to summary</a></p>
<h3 id="m95">test.java.JoinAccount#Join_004_Nickname_1Text20</h3><table class="result"><tr><th class="invisible"/></tr></table><p class="totop"><a href="#summary">back to summary</a></p>
<h3 id="m96">test.java.JoinAccount#Join_005_Nickname_NotText</h3><table class="result"><tr><th class="invisible"/></tr></table><p class="totop"><a href="#summary">back to summary</a></p>
<h3 id="m97">test.java.JoinAccount#Join_007_Nickname_Clear</h3><table class="result"><tr><th class="invisible"/></tr></table><p class="totop"><a href="#summary">back to summary</a></p>
<h3 id="m98">test.java.JoinAccount#Join_008_Nickname_Normal</h3><table class="result"><tr><th class="invisible"/></tr></table><p class="totop"><a href="#summary">back to summary</a></p>
<h3 id="m99">test.java.JoinAccount#Join_009_Agree_Check</h3><table class="result"><tr><th class="invisible"/></tr></table><p class="totop"><a href="#summary">back to summary</a></p>
</body>
</html>
