<?xml version="1.0" encoding="UTF-8"?>
<!-- Generated by org.testng.reporters.JUnitReportReporter -->
<testsuite hostname="DESKTOP-IIOPE3V" failures="0" tests="16" name="test.java.Func_06_Setting" time="130.396" errors="1" timestamp="2022-07-13T00:59:17 KST" skipped="0">
  <testcase classname="test.java.Func_06_Setting" name="Setting_008_ProfileSetting_Nick_Guide" time="3.070"/>
  <system-out/>
  <testcase classname="test.java.Func_06_Setting" name="Setting_001_MyMenu_MediaSetting" time="8.671"/>
  <system-out/>
  <testcase classname="test.java.Func_06_Setting" name="Setting_006_MediaSetting_Save" time="10.322"/>
  <system-out/>
  <testcase classname="test.java.Func_06_Setting" name="Setting_013_ProfileSetting_Nick_Clear" time="6.243"/>
  <system-out/>
  <testcase classname="test.java.Func_06_Setting" name="Setting_010_ProfileSetting_Nick_1Text20" time="10.782"/>
  <system-out/>
  <testcase classname="test.java.Func_06_Setting" name="Setting_005_MediaSetting_BG" time="6.469"/>
  <system-out/>
  <testcase classname="test.java.Func_06_Setting" name="Setting_012_ProfileSetting_Nick_Duplicate" time="7.258"/>
  <system-out/>
  <testcase classname="test.java.Func_06_Setting" name="Setting_003_MediaSetting_OnOffCamera" time="8.423"/>
  <system-out/>
  <testcase classname="test.java.Func_06_Setting" name="Setting_004_MediaSetting_Filter" time="8.234"/>
  <system-out/>
  <testcase classname="test.java.Func_06_Setting" name="Setting_009_ProfileSetting_Nick_Xbtn" time="4.229"/>
  <system-out/>
  <testcase classname="test.java.Func_06_Setting" name="Setting_007_ProfileSetting" time="10.316"/>
  <system-out/>
  <testcase classname="test.java.Func_06_Setting" name="Setting_011_ProfileSetting_Nick_NotText" time="3.121"/>
  <system-out/>
  <testcase classname="test.java.Func_06_Setting" name="Setting_014_ProfileSetting_Nick_Normal" time="2.050"/>
  <system-out/>
  <testcase classname="test.java.Func_06_Setting" name="Setting_016_ProfileSetting_ReCheck" time="20.330">
    <error message="Expected condition failed: waiting for element to be clickable: By.xpath: /html/body/div[7]/div/div/div[1]/img (tried for 10 second(s) with 500 milliseconds interval)
Build info: version: &#039;4.1.2&#039;, revision: &#039;9a5a329c5a&#039;
System info: host: &#039;DESKTOP-IIOPE3V&#039;, ip: &#039;172.17.160.179&#039;, os.name: &#039;Windows 10&#039;, os.arch: &#039;amd64&#039;, os.version: &#039;10.0&#039;, java.version: &#039;17.0.2&#039;
Driver info: org.openqa.selenium.chrome.ChromeDriver
Capabilities {acceptInsecureCerts: false, browserName: chrome, browserVersion: 103.0.5060.114, chrome: {chromedriverVersion: 102.0.5005.61 (0e59bcc00cc4..., userDataDir: C:\Users\riley\AppData\Loca...}, goog:chromeOptions: {debuggerAddress: localhost:53741}, javascriptEnabled: true, networkConnectionEnabled: false, pageLoadStrategy: normal, platform: WINDOWS, platformName: WINDOWS, proxy: Proxy(), se:cdp: ws://localhost:53741/devtoo..., se:cdpVersion: 103.0.5060.114, setWindowRect: true, strictFileInteractability: false, timeouts: {implicit: 0, pageLoad: 300000, script: 30000}, unhandledPromptBehavior: dismiss and notify, webauthn:extension:credBlob: true, webauthn:extension:largeBlob: true, webauthn:virtualAuthenticators: true}
Session ID: cf2edd4a26e39300732c75ddd693cdcc" type="org.openqa.selenium.TimeoutException">
      <![CDATA[org.openqa.selenium.TimeoutException: Expected condition failed: waiting for element to be clickable: By.xpath: /html/body/div[7]/div/div/div[1]/img (tried for 10 second(s) with 500 milliseconds interval)
Build info: version: '4.1.2', revision: '9a5a329c5a'
System info: host: 'DESKTOP-IIOPE3V', ip: '172.17.160.179', os.name: 'Windows 10', os.arch: 'amd64', os.version: '10.0', java.version: '17.0.2'
Driver info: org.openqa.selenium.chrome.ChromeDriver
Capabilities {acceptInsecureCerts: false, browserName: chrome, browserVersion: 103.0.5060.114, chrome: {chromedriverVersion: 102.0.5005.61 (0e59bcc00cc4..., userDataDir: C:\Users\riley\AppData\Loca...}, goog:chromeOptions: {debuggerAddress: localhost:53741}, javascriptEnabled: true, networkConnectionEnabled: false, pageLoadStrategy: normal, platform: WINDOWS, platformName: WINDOWS, proxy: Proxy(), se:cdp: ws://localhost:53741/devtoo..., se:cdpVersion: 103.0.5060.114, setWindowRect: true, strictFileInteractability: false, timeouts: {implicit: 0, pageLoad: 300000, script: 30000}, unhandledPromptBehavior: dismiss and notify, webauthn:extension:credBlob: true, webauthn:extension:largeBlob: true, webauthn:virtualAuthenticators: true}
Session ID: cf2edd4a26e39300732c75ddd693cdcc
at org.openqa.selenium.support.ui.WebDriverWait.timeoutException(WebDriverWait.java:138)
at org.openqa.selenium.support.ui.FluentWait.until(FluentWait.java:231)
at main.java.Common.clickByXpath(Common.java:38)
at test.java.Func_06_Setting.Setting_016_ProfileSetting_ReCheck(Func_06_Setting.java:174)
at java.base/jdk.internal.reflect.NativeMethodAccessorImpl.invoke0(Native Method)
at java.base/jdk.internal.reflect.NativeMethodAccessorImpl.invoke(NativeMethodAccessorImpl.java:77)
at java.base/jdk.internal.reflect.DelegatingMethodAccessorImpl.invoke(DelegatingMethodAccessorImpl.java:43)
at java.base/java.lang.reflect.Method.invoke(Method.java:568)
at org.testng.internal.MethodInvocationHelper.invokeMethod(MethodInvocationHelper.java:133)
at org.testng.internal.TestInvoker.invokeMethod(TestInvoker.java:598)
at org.testng.internal.TestInvoker.invokeTestMethod(TestInvoker.java:173)
at org.testng.internal.MethodRunner.runInSequence(MethodRunner.java:46)
at org.testng.internal.TestInvoker$MethodInvocationAgent.invoke(TestInvoker.java:824)
at org.testng.internal.TestInvoker.invokeTestMethods(TestInvoker.java:146)
at org.testng.internal.TestMethodWorker.invokeTestMethods(TestMethodWorker.java:146)
at org.testng.internal.TestMethodWorker.run(TestMethodWorker.java:128)
at java.base/java.util.ArrayList.forEach(ArrayList.java:1511)
at org.testng.TestRunner.privateRun(TestRunner.java:794)
at org.testng.TestRunner.run(TestRunner.java:596)
at org.testng.SuiteRunner.runTest(SuiteRunner.java:377)
at org.testng.SuiteRunner.runSequentially(SuiteRunner.java:371)
at org.testng.SuiteRunner.privateRun(SuiteRunner.java:332)
at org.testng.SuiteRunner.run(SuiteRunner.java:276)
at org.testng.SuiteRunnerWorker.runSuite(SuiteRunnerWorker.java:53)
at org.testng.SuiteRunnerWorker.run(SuiteRunnerWorker.java:96)
at org.testng.TestNG.runSuitesSequentially(TestNG.java:1212)
at org.testng.TestNG.runSuitesLocally(TestNG.java:1134)
at org.testng.TestNG.runSuites(TestNG.java:1063)
at org.testng.TestNG.run(TestNG.java:1031)
at org.testng.remote.AbstractRemoteTestNG.run(AbstractRemoteTestNG.java:115)
at org.testng.remote.RemoteTestNG.initAndRun(RemoteTestNG.java:251)
at org.testng.remote.RemoteTestNG.main(RemoteTestNG.java:77)
]]>
    </error>
  </testcase> <!-- Setting_016_ProfileSetting_ReCheck -->
  <system-out/>
  <testcase classname="test.java.Func_06_Setting" name="Setting_002_MediaSetting_OnOffMike" time="8.632"/>
  <system-out/>
  <testcase classname="test.java.Func_06_Setting" name="Setting_015_ProfileSetting_ADagree" time="12.246"/>
  <system-out/>
</testsuite> <!-- test.java.Func_06_Setting -->
